2020-05-14 17:00:38 [scrapy.utils.log] INFO: Scrapy 2.0.1 started (bot: spiderV1)
2020-05-14 17:00:38 [scrapy.utils.log] INFO: Versions: lxml 4.5.0.0, libxml2 2.9.10, cssselect 1.1.0, parsel 1.5.2, w3lib 1.21.0, Twisted 20.3.0, Python 3.7.1 (default, Mar 24 2020, 11:45:49) - [GCC 4.8.5 20150623 (Red Hat 4.8.5-39)], pyOpenSSL 19.1.0 (OpenSSL 1.1.1d  10 Sep 2019), cryptography 2.8, Platform Linux-3.10.0-1062.18.1.el7.x86_64-x86_64-with-centos-7.7.1908-Core
2020-05-14 17:00:38 [scrapy.utils.log] DEBUG: Using reactor: twisted.internet.epollreactor.EPollReactor
2020-05-14 17:00:38 [scrapy.crawler] INFO: Overridden settings:
{'BOT_NAME': 'spiderV1',
 'COOKIES_ENABLED': False,
 'DOWNLOAD_DELAY': 1,
 'DUPEFILTER_CLASS': 'scrapy_redis.dupefilter.RFPDupeFilter',
 'HTTPCACHE_STORAGE': 'scrapy_splash.SplashAwareFSCacheStorage',
 'LOG_FILE': 'logs/default/doubanSearch/557ad6c095c111eab03900163e0d9d53.log',
 'NEWSPIDER_MODULE': 'spiderV1.spiders',
 'SCHEDULER': 'scrapy_redis.scheduler.Scheduler',
 'SPIDER_MODULES': ['spiderV1.spiders']}
2020-05-14 17:00:38 [scrapy.extensions.telnet] INFO: Telnet Password: 7d1441def143ba04
2020-05-14 17:00:38 [scrapy.middleware] INFO: Enabled extensions:
['scrapy.extensions.corestats.CoreStats',
 'scrapy.extensions.telnet.TelnetConsole',
 'scrapy.extensions.memusage.MemoryUsage',
 'scrapy.extensions.logstats.LogStats']
2020-05-14 17:00:38 [doubanSearch] INFO: Reading start URLs from redis key 'doubanSearch:spider:strat_urls' (batch size: 16, encoding: utf-8
2020-05-14 17:00:38 [scrapy.middleware] INFO: Enabled downloader middlewares:
['scrapy.downloadermiddlewares.httpauth.HttpAuthMiddleware',
 'scrapy.downloadermiddlewares.downloadtimeout.DownloadTimeoutMiddleware',
 'scrapy.downloadermiddlewares.defaultheaders.DefaultHeadersMiddleware',
 'scrapy.downloadermiddlewares.useragent.UserAgentMiddleware',
 'spiderV1.middlewares.SeleniumMiddleware',
 'scrapy.downloadermiddlewares.retry.RetryMiddleware',
 'spiderV1.middlewares.ScrapytestDownloaderMiddleware',
 'scrapy.downloadermiddlewares.redirect.MetaRefreshMiddleware',
 'scrapy.downloadermiddlewares.redirect.RedirectMiddleware',
 'scrapy.downloadermiddlewares.httpproxy.HttpProxyMiddleware',
 'scrapy.downloadermiddlewares.httpcompression.HttpCompressionMiddleware',
 'scrapy.downloadermiddlewares.stats.DownloaderStats']
2020-05-14 17:00:38 [scrapy.middleware] INFO: Enabled spider middlewares:
['scrapy.spidermiddlewares.httperror.HttpErrorMiddleware',
 'scrapy.spidermiddlewares.offsite.OffsiteMiddleware',
 'scrapy.spidermiddlewares.referer.RefererMiddleware',
 'scrapy.spidermiddlewares.urllength.UrlLengthMiddleware',
 'scrapy.spidermiddlewares.depth.DepthMiddleware']
2020-05-14 17:00:39 [py.warnings] WARNING: /root/spider/scrapyspider/spiderV1/pipelines.py:80: YAMLLoadWarning: calling yaml.load() without Loader=... is deprecated, as the default Loader is unsafe. Please read https://msg.pyyaml.org/load for full details.
  temp = yaml.load(f.read())

2020-05-14 17:00:39 [scrapy.middleware] INFO: Enabled item pipelines:
['spiderV1.pipelines.SaveDataToFile']
2020-05-14 17:00:39 [scrapy.core.engine] INFO: Spider opened
2020-05-14 17:00:39 [scrapy.extensions.logstats] INFO: Crawled 0 pages (at 0 pages/min), scraped 0 items (at 0 items/min)
2020-05-14 17:00:39 [doubanSearch] INFO: Spider opened: doubanSearch
2020-05-14 17:00:39 [scrapy.extensions.telnet] INFO: Telnet console listening on 127.0.0.1:6026
2020-05-14 17:00:39 [doubanSearch] DEBUG: Read 1 requests from 'doubanSearch:spider:strat_urls'
2020-05-14 17:00:41 [scrapy.core.engine] DEBUG: Crawled (200) <GET https://www.douban.com/search?q=%E5%BC%A0%E6%80%BB%E4%B8%8D%E8%83%BD%E8%AF%B4%E7%9A%84%E7%A7%98%E5%AF%86> (referer: None)
2020-05-14 17:00:41 [scrapy.core.engine] DEBUG: Crawled (200) <GET https://movie.douban.com/subject/2124724/> (referer: https://www.douban.com/search?q=%E5%BC%A0%E6%80%BB%E4%B8%8D%E8%83%BD%E8%AF%B4%E7%9A%84%E7%A7%98%E5%AF%86)
2020-05-14 17:00:42 [scrapy.core.scraper] DEBUG: Scraped from <200 https://movie.douban.com/subject/2124724/>
{'cover': 'https://img3.doubanio.com/view/photo/s_ratio_poster/public/p2568025412.jpg',
 'data_type': 'movie',
 'id': '50e564042a8e44f3aaa6a5a2ad19db9e',
 'intro': '叶湘伦（周杰伦 饰）是淡江艺术高中的一名插班生，父亲（黄秋生 饰）是该校的一名教师。这天同学晴依（曾恺玹 '
          '饰）带他参观学校，接着他独自来到了学校的旧琴房，本身弹得一首好曲的他被某处传来的一首钢琴曲吸引住了。他来到其中一间旧琴房，遇到了路小雨（桂纶镁 '
          '饰），纯纯的爱情故事由此发生了。一直以来，叶湘伦都觉得小雨充满了神秘，却无法进一步了解她。叶湘伦约小雨到琴房见面，叶湘伦以为晴依是小雨，跟晴依接吻时被小雨看到，自此之后叶湘伦就没有再看到小雨。叶湘伦到处寻找小雨，发现了那个小雨所说“不能说的秘密”的全部真相。',
 'is_new': False,
 'name': '张总不能说的秘密',
 'platforms': '',
 'publishdate': '2007-07-27',
 'rate': '7.9',
 'tags': ['爱情', '音乐', '奇幻'],
 'type': 'movie',
 'url': 'https://movie.douban.com/subject/2124724/'}
2020-05-14 17:01:39 [scrapy.extensions.logstats] INFO: Crawled 2 pages (at 2 pages/min), scraped 1 items (at 1 items/min)
2020-05-14 17:02:39 [scrapy.extensions.logstats] INFO: Crawled 2 pages (at 0 pages/min), scraped 1 items (at 0 items/min)
2020-05-14 17:03:19 [doubanSearch] DEBUG: Read 1 requests from 'doubanSearch:spider:strat_urls'
2020-05-14 17:03:21 [scrapy.core.engine] DEBUG: Crawled (200) <GET https://www.douban.com/search?q=%E6%B5%B7%E5%A5%B3> (referer: None)
2020-05-14 17:03:22 [scrapy.core.engine] DEBUG: Crawled (200) <GET https://movie.douban.com/subject/10581289/> (referer: https://www.douban.com/search?q=%E6%B5%B7%E5%A5%B3)
2020-05-14 17:03:22 [scrapy.core.scraper] DEBUG: Scraped from <200 https://movie.douban.com/subject/10581289/>
{'cover': 'https://img1.doubanio.com/view/photo/s_ratio_poster/public/p1888567177.jpg',
 'data_type': 'movie',
 'id': '4deca1752eaf4246bb81a2d55e7f959c',
 'intro': '厌烦了家乡一成不变的生活，24年前，对大都市东京满怀憧憬的天野春子（小泉今日子 '
          '饰）在北三陆电车开通首日离家出走。此去经年，早已成家但生活并不舒心的春子接到母亲病危的短信，于是带着女儿秋（能年玲奈 '
          '饰）返回家乡。如之前所料，这一切不过是好友大向大吉（杉本哲太 饰）的骗局，其目的是希望春子能够接替母亲夏（宫本信子 '
          '饰），继承当地有着悠久历史且即将消亡的海女职业。存有深深芥蒂的母女俩针锋相对，争执不断；而从未与外婆谋面的秋却深深为碧海蓝天以及海女所吸引。经过数日盘桓，被东京压抑的空气逼迫得喘不上气来的秋作出人生中重要的决定，那就是留下来成为一名海女。                                                                    \u3000\u3000'
          '全新的天地与道路，可爱的女孩对血缘和命运的回归，寻找发自心底的快乐……',
 'is_new': False,
 'name': '海女',
 'platforms': '',
 'publishdate': '2013-04-01',
 'rate': '9.3',
 'tags': ['剧情', '喜剧'],
 'type': 'tv',
 'url': 'https://movie.douban.com/subject/10581289/'}
2020-05-14 17:03:39 [scrapy.extensions.logstats] INFO: Crawled 4 pages (at 2 pages/min), scraped 2 items (at 1 items/min)
2020-05-14 17:04:39 [scrapy.extensions.logstats] INFO: Crawled 4 pages (at 0 pages/min), scraped 2 items (at 0 items/min)
2020-05-14 17:05:39 [scrapy.extensions.logstats] INFO: Crawled 4 pages (at 0 pages/min), scraped 2 items (at 0 items/min)
2020-05-14 17:06:39 [scrapy.extensions.logstats] INFO: Crawled 4 pages (at 0 pages/min), scraped 2 items (at 0 items/min)
2020-05-14 17:07:39 [scrapy.extensions.logstats] INFO: Crawled 4 pages (at 0 pages/min), scraped 2 items (at 0 items/min)
2020-05-14 17:08:39 [scrapy.extensions.logstats] INFO: Crawled 4 pages (at 0 pages/min), scraped 2 items (at 0 items/min)
2020-05-14 17:09:39 [scrapy.extensions.logstats] INFO: Crawled 4 pages (at 0 pages/min), scraped 2 items (at 0 items/min)
2020-05-14 17:10:39 [scrapy.extensions.logstats] INFO: Crawled 4 pages (at 0 pages/min), scraped 2 items (at 0 items/min)
2020-05-14 17:11:39 [scrapy.extensions.logstats] INFO: Crawled 4 pages (at 0 pages/min), scraped 2 items (at 0 items/min)
2020-05-14 17:12:39 [scrapy.extensions.logstats] INFO: Crawled 4 pages (at 0 pages/min), scraped 2 items (at 0 items/min)
2020-05-14 17:13:39 [scrapy.extensions.logstats] INFO: Crawled 4 pages (at 0 pages/min), scraped 2 items (at 0 items/min)
2020-05-14 17:14:39 [scrapy.extensions.logstats] INFO: Crawled 4 pages (at 0 pages/min), scraped 2 items (at 0 items/min)
2020-05-14 17:15:39 [scrapy.extensions.logstats] INFO: Crawled 4 pages (at 0 pages/min), scraped 2 items (at 0 items/min)
2020-05-14 17:15:53 [scrapy.crawler] INFO: Received SIGTERM, shutting down gracefully. Send again to force 
2020-05-14 17:15:53 [scrapy.core.engine] INFO: Closing spider (shutdown)
2020-05-14 17:15:53 [scrapy.statscollectors] INFO: Dumping Scrapy stats:
{'downloader/request_bytes': 1779,
 'downloader/request_count': 4,
 'downloader/request_method_count/GET': 4,
 'downloader/response_bytes': 95874,
 'downloader/response_count': 4,
 'downloader/response_status_count/200': 4,
 'elapsed_time_seconds': 914.640353,
 'finish_reason': 'shutdown',
 'finish_time': datetime.datetime(2020, 5, 14, 9, 15, 53, 704653),
 'item_scraped_count': 2,
 'log_count/DEBUG': 8,
 'log_count/INFO': 28,
 'log_count/WARNING': 1,
 'memusage/max': 76419072,
 'memusage/startup': 69935104,
 'request_depth_max': 1,
 'response_received_count': 4,
 'scheduler/dequeued/redis': 4,
 'scheduler/enqueued/redis': 4,
 'start_time': datetime.datetime(2020, 5, 14, 9, 0, 39, 64300)}
2020-05-14 17:15:53 [scrapy.core.engine] INFO: Spider closed (shutdown)
