2020-05-07 11:42:00 [scrapy.utils.log] INFO: Scrapy 2.0.1 started (bot: spiderV1)
2020-05-07 11:42:00 [scrapy.utils.log] INFO: Versions: lxml 4.5.0.0, libxml2 2.9.10, cssselect 1.1.0, parsel 1.5.2, w3lib 1.21.0, Twisted 20.3.0, Python 3.7.1 (default, Mar 24 2020, 11:45:49) - [GCC 4.8.5 20150623 (Red Hat 4.8.5-39)], pyOpenSSL 19.1.0 (OpenSSL 1.1.1d  10 Sep 2019), cryptography 2.8, Platform Linux-3.10.0-1062.18.1.el7.x86_64-x86_64-with-centos-7.7.1908-Core
2020-05-07 11:42:00 [scrapy.utils.log] DEBUG: Using reactor: twisted.internet.epollreactor.EPollReactor
2020-05-07 11:42:00 [scrapy.crawler] INFO: Overridden settings:
{'BOT_NAME': 'spiderV1',
 'COOKIES_ENABLED': False,
 'DOWNLOAD_DELAY': 1,
 'DUPEFILTER_CLASS': 'scrapy_redis.dupefilter.RFPDupeFilter',
 'HTTPCACHE_STORAGE': 'scrapy_splash.SplashAwareFSCacheStorage',
 'LOG_FILE': 'logs/default/doubanmovie/b393de44901411ea8ccb00163e0d9d53.log',
 'NEWSPIDER_MODULE': 'spiderV1.spiders',
 'SCHEDULER': 'scrapy_redis.scheduler.Scheduler',
 'SPIDER_MODULES': ['spiderV1.spiders']}
2020-05-07 11:42:00 [scrapy.extensions.telnet] INFO: Telnet Password: 8fc21c2d41a2c9aa
2020-05-07 11:42:00 [scrapy.middleware] INFO: Enabled extensions:
['scrapy.extensions.corestats.CoreStats',
 'scrapy.extensions.telnet.TelnetConsole',
 'scrapy.extensions.memusage.MemoryUsage',
 'scrapy.extensions.logstats.LogStats']
2020-05-07 11:42:00 [doubanmovie] INFO: Reading start URLs from redis key 'doubanmovie:spider:strat_urls' (batch size: 16, encoding: utf-8
2020-05-07 11:42:00 [scrapy.middleware] INFO: Enabled downloader middlewares:
['scrapy.downloadermiddlewares.httpauth.HttpAuthMiddleware',
 'scrapy.downloadermiddlewares.downloadtimeout.DownloadTimeoutMiddleware',
 'scrapy.downloadermiddlewares.defaultheaders.DefaultHeadersMiddleware',
 'scrapy.downloadermiddlewares.useragent.UserAgentMiddleware',
 'spiderV1.middlewares.SeleniumMiddleware',
 'scrapy.downloadermiddlewares.retry.RetryMiddleware',
 'spiderV1.middlewares.ScrapytestDownloaderMiddleware',
 'scrapy.downloadermiddlewares.redirect.MetaRefreshMiddleware',
 'scrapy.downloadermiddlewares.redirect.RedirectMiddleware',
 'scrapy.downloadermiddlewares.httpproxy.HttpProxyMiddleware',
 'scrapy.downloadermiddlewares.httpcompression.HttpCompressionMiddleware',
 'scrapy.downloadermiddlewares.stats.DownloaderStats']
2020-05-07 11:42:00 [scrapy.middleware] INFO: Enabled spider middlewares:
['scrapy.spidermiddlewares.httperror.HttpErrorMiddleware',
 'scrapy.spidermiddlewares.offsite.OffsiteMiddleware',
 'scrapy.spidermiddlewares.referer.RefererMiddleware',
 'scrapy.spidermiddlewares.urllength.UrlLengthMiddleware',
 'scrapy.spidermiddlewares.depth.DepthMiddleware']
2020-05-07 11:42:00 [py.warnings] WARNING: /root/spider/scrapyspider/spiderV1/pipelines.py:80: YAMLLoadWarning: calling yaml.load() without Loader=... is deprecated, as the default Loader is unsafe. Please read https://msg.pyyaml.org/load for full details.
  temp = yaml.load(f.read())

2020-05-07 11:42:00 [scrapy.middleware] INFO: Enabled item pipelines:
['spiderV1.pipelines.SaveDataToFile']
2020-05-07 11:42:00 [scrapy.core.engine] INFO: Spider opened
2020-05-07 11:42:00 [scrapy.extensions.logstats] INFO: Crawled 0 pages (at 0 pages/min), scraped 0 items (at 0 items/min)
2020-05-07 11:42:00 [doubanmovie] INFO: Spider opened: doubanmovie
2020-05-07 11:42:00 [scrapy.extensions.telnet] INFO: Telnet console listening on 127.0.0.1:6023
2020-05-07 11:42:00 [doubanmovie] DEBUG: Read 2 requests from 'doubanmovie:spider:strat_urls'
2020-05-07 11:42:01 [scrapy.core.engine] DEBUG: Crawled (200) <GET https://movie.douban.com/j/search_subjects?type=tv&tag=%E7%83%AD%E9%97%A8&sort=recommend&page_limit=20&page_start=0> (referer: None)
2020-05-07 11:42:01 [scrapy_redis.dupefilter] DEBUG: Filtered duplicate request <GET https://movie.douban.com/subject/30488569/> - no more duplicates will be shown (see DUPEFILTER_DEBUG to show all duplicates)
2020-05-07 11:42:02 [scrapy.core.engine] DEBUG: Crawled (200) <GET https://movie.douban.com/j/search_subjects?type=movie&tag=%E7%83%AD%E9%97%A8&sort=recommend&page_limit=20&page_start=0> (referer: None)
2020-05-07 11:42:03 [scrapy.core.engine] DEBUG: Crawled (200) <GET https://movie.douban.com/j/search_subjects?type=tv&tag=%E7%83%AD%E9%97%A8&sort=recommend&page_limit=20&page_start=20> (referer: https://movie.douban.com/j/search_subjects?type=tv&tag=%E7%83%AD%E9%97%A8&sort=recommend&page_limit=20&page_start=0)
2020-05-07 11:42:04 [scrapy.core.engine] DEBUG: Crawled (200) <GET https://movie.douban.com/j/search_subjects?type=movie&tag=%E7%83%AD%E9%97%A8&sort=recommend&page_limit=20&page_start=20> (referer: https://movie.douban.com/j/search_subjects?type=movie&tag=%E7%83%AD%E9%97%A8&sort=recommend&page_limit=20&page_start=0)
2020-05-07 11:42:06 [scrapy.core.engine] DEBUG: Crawled (200) <GET https://movie.douban.com/j/search_subjects?type=tv&tag=%E7%83%AD%E9%97%A8&sort=recommend&page_limit=20&page_start=40> (referer: https://movie.douban.com/j/search_subjects?type=tv&tag=%E7%83%AD%E9%97%A8&sort=recommend&page_limit=20&page_start=20)
2020-05-07 11:42:07 [scrapy.core.engine] DEBUG: Crawled (200) <GET https://movie.douban.com/j/search_subjects?type=movie&tag=%E7%83%AD%E9%97%A8&sort=recommend&page_limit=20&page_start=40> (referer: https://movie.douban.com/j/search_subjects?type=movie&tag=%E7%83%AD%E9%97%A8&sort=recommend&page_limit=20&page_start=20)
2020-05-07 11:42:08 [scrapy.core.engine] DEBUG: Crawled (200) <GET https://movie.douban.com/j/search_subjects?type=tv&tag=%E7%83%AD%E9%97%A8&sort=recommend&page_limit=20&page_start=60> (referer: https://movie.douban.com/j/search_subjects?type=tv&tag=%E7%83%AD%E9%97%A8&sort=recommend&page_limit=20&page_start=40)
2020-05-07 11:42:10 [scrapy.core.engine] DEBUG: Crawled (200) <GET https://movie.douban.com/j/search_subjects?type=movie&tag=%E7%83%AD%E9%97%A8&sort=recommend&page_limit=20&page_start=60> (referer: https://movie.douban.com/j/search_subjects?type=movie&tag=%E7%83%AD%E9%97%A8&sort=recommend&page_limit=20&page_start=40)
2020-05-07 11:42:11 [scrapy.core.engine] DEBUG: Crawled (200) <GET https://movie.douban.com/j/search_subjects?type=tv&tag=%E7%83%AD%E9%97%A8&sort=recommend&page_limit=20&page_start=80> (referer: https://movie.douban.com/j/search_subjects?type=tv&tag=%E7%83%AD%E9%97%A8&sort=recommend&page_limit=20&page_start=60)
2020-05-07 11:42:12 [scrapy.core.engine] DEBUG: Crawled (200) <GET https://movie.douban.com/j/search_subjects?type=movie&tag=%E7%83%AD%E9%97%A8&sort=recommend&page_limit=20&page_start=80> (referer: https://movie.douban.com/j/search_subjects?type=movie&tag=%E7%83%AD%E9%97%A8&sort=recommend&page_limit=20&page_start=60)
2020-05-07 11:42:13 [scrapy.core.engine] DEBUG: Crawled (200) <GET https://movie.douban.com/j/search_subjects?type=tv&tag=%E7%83%AD%E9%97%A8&sort=recommend&page_limit=20&page_start=100> (referer: https://movie.douban.com/j/search_subjects?type=tv&tag=%E7%83%AD%E9%97%A8&sort=recommend&page_limit=20&page_start=80)
2020-05-07 11:42:15 [scrapy.core.engine] DEBUG: Crawled (200) <GET https://movie.douban.com/j/search_subjects?type=movie&tag=%E7%83%AD%E9%97%A8&sort=recommend&page_limit=20&page_start=100> (referer: https://movie.douban.com/j/search_subjects?type=movie&tag=%E7%83%AD%E9%97%A8&sort=recommend&page_limit=20&page_start=80)
2020-05-07 11:42:16 [scrapy.core.engine] DEBUG: Crawled (200) <GET https://movie.douban.com/j/search_subjects?type=tv&tag=%E7%83%AD%E9%97%A8&sort=recommend&page_limit=20&page_start=120> (referer: https://movie.douban.com/j/search_subjects?type=tv&tag=%E7%83%AD%E9%97%A8&sort=recommend&page_limit=20&page_start=100)
2020-05-07 11:42:17 [scrapy.core.engine] DEBUG: Crawled (200) <GET https://movie.douban.com/j/search_subjects?type=movie&tag=%E7%83%AD%E9%97%A8&sort=recommend&page_limit=20&page_start=120> (referer: https://movie.douban.com/j/search_subjects?type=movie&tag=%E7%83%AD%E9%97%A8&sort=recommend&page_limit=20&page_start=100)
2020-05-07 11:42:19 [scrapy.core.engine] DEBUG: Crawled (200) <GET https://movie.douban.com/j/search_subjects?type=tv&tag=%E7%83%AD%E9%97%A8&sort=recommend&page_limit=20&page_start=140> (referer: https://movie.douban.com/j/search_subjects?type=tv&tag=%E7%83%AD%E9%97%A8&sort=recommend&page_limit=20&page_start=120)
2020-05-07 11:42:20 [scrapy.core.engine] DEBUG: Crawled (200) <GET https://movie.douban.com/j/search_subjects?type=movie&tag=%E7%83%AD%E9%97%A8&sort=recommend&page_limit=20&page_start=140> (referer: https://movie.douban.com/j/search_subjects?type=movie&tag=%E7%83%AD%E9%97%A8&sort=recommend&page_limit=20&page_start=120)
2020-05-07 11:42:21 [scrapy.core.engine] DEBUG: Crawled (200) <GET https://movie.douban.com/j/search_subjects?type=tv&tag=%E7%83%AD%E9%97%A8&sort=recommend&page_limit=20&page_start=160> (referer: https://movie.douban.com/j/search_subjects?type=tv&tag=%E7%83%AD%E9%97%A8&sort=recommend&page_limit=20&page_start=140)
2020-05-07 11:42:22 [scrapy.core.engine] DEBUG: Crawled (200) <GET https://movie.douban.com/j/search_subjects?type=movie&tag=%E7%83%AD%E9%97%A8&sort=recommend&page_limit=20&page_start=160> (referer: https://movie.douban.com/j/search_subjects?type=movie&tag=%E7%83%AD%E9%97%A8&sort=recommend&page_limit=20&page_start=140)
2020-05-07 11:42:24 [scrapy.core.engine] DEBUG: Crawled (200) <GET https://movie.douban.com/j/search_subjects?type=tv&tag=%E7%83%AD%E9%97%A8&sort=recommend&page_limit=20&page_start=180> (referer: https://movie.douban.com/j/search_subjects?type=tv&tag=%E7%83%AD%E9%97%A8&sort=recommend&page_limit=20&page_start=160)
2020-05-07 11:42:25 [scrapy.core.engine] DEBUG: Crawled (200) <GET https://movie.douban.com/j/search_subjects?type=movie&tag=%E7%83%AD%E9%97%A8&sort=recommend&page_limit=20&page_start=180> (referer: https://movie.douban.com/j/search_subjects?type=movie&tag=%E7%83%AD%E9%97%A8&sort=recommend&page_limit=20&page_start=160)
2020-05-07 11:42:26 [scrapy.core.engine] DEBUG: Crawled (200) <GET https://movie.douban.com/j/search_subjects?type=tv&tag=%E7%83%AD%E9%97%A8&sort=recommend&page_limit=20&page_start=200> (referer: https://movie.douban.com/j/search_subjects?type=tv&tag=%E7%83%AD%E9%97%A8&sort=recommend&page_limit=20&page_start=180)
2020-05-07 11:42:27 [scrapy.core.engine] DEBUG: Crawled (200) <GET https://movie.douban.com/j/search_subjects?type=movie&tag=%E7%83%AD%E9%97%A8&sort=recommend&page_limit=20&page_start=200> (referer: https://movie.douban.com/j/search_subjects?type=movie&tag=%E7%83%AD%E9%97%A8&sort=recommend&page_limit=20&page_start=180)
2020-05-07 11:43:00 [scrapy.extensions.logstats] INFO: Crawled 22 pages (at 22 pages/min), scraped 0 items (at 0 items/min)
2020-05-07 11:44:00 [scrapy.extensions.logstats] INFO: Crawled 22 pages (at 0 pages/min), scraped 0 items (at 0 items/min)
2020-05-07 11:45:00 [scrapy.extensions.logstats] INFO: Crawled 22 pages (at 0 pages/min), scraped 0 items (at 0 items/min)
2020-05-07 11:46:00 [scrapy.extensions.logstats] INFO: Crawled 22 pages (at 0 pages/min), scraped 0 items (at 0 items/min)
2020-05-07 11:47:00 [scrapy.extensions.logstats] INFO: Crawled 22 pages (at 0 pages/min), scraped 0 items (at 0 items/min)
2020-05-07 11:48:00 [scrapy.extensions.logstats] INFO: Crawled 22 pages (at 0 pages/min), scraped 0 items (at 0 items/min)
2020-05-07 11:49:00 [scrapy.extensions.logstats] INFO: Crawled 22 pages (at 0 pages/min), scraped 0 items (at 0 items/min)
2020-05-07 11:50:00 [scrapy.extensions.logstats] INFO: Crawled 22 pages (at 0 pages/min), scraped 0 items (at 0 items/min)
2020-05-07 11:51:00 [scrapy.extensions.logstats] INFO: Crawled 22 pages (at 0 pages/min), scraped 0 items (at 0 items/min)
2020-05-07 11:52:00 [scrapy.extensions.logstats] INFO: Crawled 22 pages (at 0 pages/min), scraped 0 items (at 0 items/min)
2020-05-07 11:53:00 [scrapy.extensions.logstats] INFO: Crawled 22 pages (at 0 pages/min), scraped 0 items (at 0 items/min)
2020-05-07 11:54:00 [scrapy.extensions.logstats] INFO: Crawled 22 pages (at 0 pages/min), scraped 0 items (at 0 items/min)
2020-05-07 11:55:00 [scrapy.extensions.logstats] INFO: Crawled 22 pages (at 0 pages/min), scraped 0 items (at 0 items/min)
2020-05-07 11:56:00 [scrapy.extensions.logstats] INFO: Crawled 22 pages (at 0 pages/min), scraped 0 items (at 0 items/min)
2020-05-07 11:57:00 [scrapy.extensions.logstats] INFO: Crawled 22 pages (at 0 pages/min), scraped 0 items (at 0 items/min)
2020-05-07 11:58:00 [scrapy.extensions.logstats] INFO: Crawled 22 pages (at 0 pages/min), scraped 0 items (at 0 items/min)
2020-05-07 11:59:00 [scrapy.extensions.logstats] INFO: Crawled 22 pages (at 0 pages/min), scraped 0 items (at 0 items/min)
2020-05-07 12:00:00 [scrapy.extensions.logstats] INFO: Crawled 22 pages (at 0 pages/min), scraped 0 items (at 0 items/min)
2020-05-07 12:01:00 [scrapy.extensions.logstats] INFO: Crawled 22 pages (at 0 pages/min), scraped 0 items (at 0 items/min)
2020-05-07 12:02:00 [scrapy.extensions.logstats] INFO: Crawled 22 pages (at 0 pages/min), scraped 0 items (at 0 items/min)
2020-05-07 12:03:00 [scrapy.extensions.logstats] INFO: Crawled 22 pages (at 0 pages/min), scraped 0 items (at 0 items/min)
2020-05-07 12:04:00 [scrapy.extensions.logstats] INFO: Crawled 22 pages (at 0 pages/min), scraped 0 items (at 0 items/min)
2020-05-07 12:05:00 [scrapy.extensions.logstats] INFO: Crawled 22 pages (at 0 pages/min), scraped 0 items (at 0 items/min)
2020-05-07 12:06:00 [scrapy.extensions.logstats] INFO: Crawled 22 pages (at 0 pages/min), scraped 0 items (at 0 items/min)
2020-05-07 12:07:00 [scrapy.extensions.logstats] INFO: Crawled 22 pages (at 0 pages/min), scraped 0 items (at 0 items/min)
2020-05-07 12:08:00 [scrapy.extensions.logstats] INFO: Crawled 22 pages (at 0 pages/min), scraped 0 items (at 0 items/min)
2020-05-07 12:09:00 [scrapy.extensions.logstats] INFO: Crawled 22 pages (at 0 pages/min), scraped 0 items (at 0 items/min)
2020-05-07 12:10:00 [scrapy.extensions.logstats] INFO: Crawled 22 pages (at 0 pages/min), scraped 0 items (at 0 items/min)
2020-05-07 12:11:00 [scrapy.extensions.logstats] INFO: Crawled 22 pages (at 0 pages/min), scraped 0 items (at 0 items/min)
2020-05-07 12:12:00 [scrapy.extensions.logstats] INFO: Crawled 22 pages (at 0 pages/min), scraped 0 items (at 0 items/min)
2020-05-07 12:13:00 [scrapy.extensions.logstats] INFO: Crawled 22 pages (at 0 pages/min), scraped 0 items (at 0 items/min)
2020-05-07 12:14:00 [scrapy.extensions.logstats] INFO: Crawled 22 pages (at 0 pages/min), scraped 0 items (at 0 items/min)
2020-05-07 12:15:00 [scrapy.extensions.logstats] INFO: Crawled 22 pages (at 0 pages/min), scraped 0 items (at 0 items/min)
2020-05-07 12:16:00 [scrapy.extensions.logstats] INFO: Crawled 22 pages (at 0 pages/min), scraped 0 items (at 0 items/min)
2020-05-07 12:17:00 [scrapy.extensions.logstats] INFO: Crawled 22 pages (at 0 pages/min), scraped 0 items (at 0 items/min)
2020-05-07 12:18:00 [scrapy.extensions.logstats] INFO: Crawled 22 pages (at 0 pages/min), scraped 0 items (at 0 items/min)
2020-05-07 12:19:00 [scrapy.extensions.logstats] INFO: Crawled 22 pages (at 0 pages/min), scraped 0 items (at 0 items/min)
2020-05-07 12:20:00 [scrapy.extensions.logstats] INFO: Crawled 22 pages (at 0 pages/min), scraped 0 items (at 0 items/min)
2020-05-07 12:21:00 [scrapy.extensions.logstats] INFO: Crawled 22 pages (at 0 pages/min), scraped 0 items (at 0 items/min)
2020-05-07 12:22:00 [scrapy.extensions.logstats] INFO: Crawled 22 pages (at 0 pages/min), scraped 0 items (at 0 items/min)
2020-05-07 12:23:00 [scrapy.extensions.logstats] INFO: Crawled 22 pages (at 0 pages/min), scraped 0 items (at 0 items/min)
2020-05-07 12:24:00 [scrapy.extensions.logstats] INFO: Crawled 22 pages (at 0 pages/min), scraped 0 items (at 0 items/min)
2020-05-07 12:25:00 [scrapy.extensions.logstats] INFO: Crawled 22 pages (at 0 pages/min), scraped 0 items (at 0 items/min)
2020-05-07 12:26:00 [scrapy.extensions.logstats] INFO: Crawled 22 pages (at 0 pages/min), scraped 0 items (at 0 items/min)
2020-05-07 12:27:00 [scrapy.extensions.logstats] INFO: Crawled 22 pages (at 0 pages/min), scraped 0 items (at 0 items/min)
2020-05-07 12:28:00 [scrapy.extensions.logstats] INFO: Crawled 22 pages (at 0 pages/min), scraped 0 items (at 0 items/min)
2020-05-07 12:29:00 [scrapy.extensions.logstats] INFO: Crawled 22 pages (at 0 pages/min), scraped 0 items (at 0 items/min)
2020-05-07 12:30:00 [scrapy.extensions.logstats] INFO: Crawled 22 pages (at 0 pages/min), scraped 0 items (at 0 items/min)
2020-05-07 12:31:00 [scrapy.extensions.logstats] INFO: Crawled 22 pages (at 0 pages/min), scraped 0 items (at 0 items/min)
2020-05-07 12:32:00 [scrapy.extensions.logstats] INFO: Crawled 22 pages (at 0 pages/min), scraped 0 items (at 0 items/min)
2020-05-07 12:33:00 [scrapy.extensions.logstats] INFO: Crawled 22 pages (at 0 pages/min), scraped 0 items (at 0 items/min)
2020-05-07 12:34:00 [scrapy.extensions.logstats] INFO: Crawled 22 pages (at 0 pages/min), scraped 0 items (at 0 items/min)
2020-05-07 12:35:00 [scrapy.extensions.logstats] INFO: Crawled 22 pages (at 0 pages/min), scraped 0 items (at 0 items/min)
2020-05-07 12:36:00 [scrapy.extensions.logstats] INFO: Crawled 22 pages (at 0 pages/min), scraped 0 items (at 0 items/min)
2020-05-07 12:37:00 [scrapy.extensions.logstats] INFO: Crawled 22 pages (at 0 pages/min), scraped 0 items (at 0 items/min)
2020-05-07 12:38:00 [scrapy.extensions.logstats] INFO: Crawled 22 pages (at 0 pages/min), scraped 0 items (at 0 items/min)
2020-05-07 12:39:00 [scrapy.extensions.logstats] INFO: Crawled 22 pages (at 0 pages/min), scraped 0 items (at 0 items/min)
2020-05-07 12:40:00 [scrapy.extensions.logstats] INFO: Crawled 22 pages (at 0 pages/min), scraped 0 items (at 0 items/min)
2020-05-07 12:41:00 [scrapy.extensions.logstats] INFO: Crawled 22 pages (at 0 pages/min), scraped 0 items (at 0 items/min)
2020-05-07 12:42:00 [scrapy.extensions.logstats] INFO: Crawled 22 pages (at 0 pages/min), scraped 0 items (at 0 items/min)
2020-05-07 12:43:00 [scrapy.extensions.logstats] INFO: Crawled 22 pages (at 0 pages/min), scraped 0 items (at 0 items/min)
2020-05-07 12:44:00 [scrapy.extensions.logstats] INFO: Crawled 22 pages (at 0 pages/min), scraped 0 items (at 0 items/min)
2020-05-07 12:45:00 [scrapy.extensions.logstats] INFO: Crawled 22 pages (at 0 pages/min), scraped 0 items (at 0 items/min)
2020-05-07 12:46:00 [scrapy.extensions.logstats] INFO: Crawled 22 pages (at 0 pages/min), scraped 0 items (at 0 items/min)
2020-05-07 12:47:00 [scrapy.extensions.logstats] INFO: Crawled 22 pages (at 0 pages/min), scraped 0 items (at 0 items/min)
2020-05-07 12:48:00 [scrapy.extensions.logstats] INFO: Crawled 22 pages (at 0 pages/min), scraped 0 items (at 0 items/min)
2020-05-07 12:49:00 [scrapy.extensions.logstats] INFO: Crawled 22 pages (at 0 pages/min), scraped 0 items (at 0 items/min)
2020-05-07 12:50:00 [scrapy.extensions.logstats] INFO: Crawled 22 pages (at 0 pages/min), scraped 0 items (at 0 items/min)
2020-05-07 12:51:00 [scrapy.extensions.logstats] INFO: Crawled 22 pages (at 0 pages/min), scraped 0 items (at 0 items/min)
2020-05-07 12:52:00 [scrapy.extensions.logstats] INFO: Crawled 22 pages (at 0 pages/min), scraped 0 items (at 0 items/min)
2020-05-07 12:53:00 [scrapy.extensions.logstats] INFO: Crawled 22 pages (at 0 pages/min), scraped 0 items (at 0 items/min)
2020-05-07 12:54:00 [scrapy.extensions.logstats] INFO: Crawled 22 pages (at 0 pages/min), scraped 0 items (at 0 items/min)
2020-05-07 12:55:00 [scrapy.extensions.logstats] INFO: Crawled 22 pages (at 0 pages/min), scraped 0 items (at 0 items/min)
2020-05-07 12:56:00 [scrapy.extensions.logstats] INFO: Crawled 22 pages (at 0 pages/min), scraped 0 items (at 0 items/min)
2020-05-07 12:57:00 [scrapy.extensions.logstats] INFO: Crawled 22 pages (at 0 pages/min), scraped 0 items (at 0 items/min)
2020-05-07 12:58:00 [scrapy.extensions.logstats] INFO: Crawled 22 pages (at 0 pages/min), scraped 0 items (at 0 items/min)
2020-05-07 12:59:00 [scrapy.extensions.logstats] INFO: Crawled 22 pages (at 0 pages/min), scraped 0 items (at 0 items/min)
2020-05-07 13:00:00 [scrapy.extensions.logstats] INFO: Crawled 22 pages (at 0 pages/min), scraped 0 items (at 0 items/min)
2020-05-07 13:01:00 [scrapy.extensions.logstats] INFO: Crawled 22 pages (at 0 pages/min), scraped 0 items (at 0 items/min)
2020-05-07 13:02:00 [scrapy.extensions.logstats] INFO: Crawled 22 pages (at 0 pages/min), scraped 0 items (at 0 items/min)
2020-05-07 13:03:00 [scrapy.extensions.logstats] INFO: Crawled 22 pages (at 0 pages/min), scraped 0 items (at 0 items/min)
2020-05-07 13:04:00 [scrapy.extensions.logstats] INFO: Crawled 22 pages (at 0 pages/min), scraped 0 items (at 0 items/min)
2020-05-07 13:05:00 [scrapy.extensions.logstats] INFO: Crawled 22 pages (at 0 pages/min), scraped 0 items (at 0 items/min)
2020-05-07 13:06:00 [scrapy.extensions.logstats] INFO: Crawled 22 pages (at 0 pages/min), scraped 0 items (at 0 items/min)
2020-05-07 13:07:00 [scrapy.extensions.logstats] INFO: Crawled 22 pages (at 0 pages/min), scraped 0 items (at 0 items/min)
2020-05-07 13:08:00 [scrapy.extensions.logstats] INFO: Crawled 22 pages (at 0 pages/min), scraped 0 items (at 0 items/min)
2020-05-07 13:09:00 [scrapy.extensions.logstats] INFO: Crawled 22 pages (at 0 pages/min), scraped 0 items (at 0 items/min)
2020-05-07 13:10:00 [scrapy.extensions.logstats] INFO: Crawled 22 pages (at 0 pages/min), scraped 0 items (at 0 items/min)
2020-05-07 13:11:00 [scrapy.extensions.logstats] INFO: Crawled 22 pages (at 0 pages/min), scraped 0 items (at 0 items/min)
2020-05-07 13:12:00 [scrapy.extensions.logstats] INFO: Crawled 22 pages (at 0 pages/min), scraped 0 items (at 0 items/min)
2020-05-07 13:13:00 [scrapy.extensions.logstats] INFO: Crawled 22 pages (at 0 pages/min), scraped 0 items (at 0 items/min)
2020-05-07 13:14:00 [scrapy.extensions.logstats] INFO: Crawled 22 pages (at 0 pages/min), scraped 0 items (at 0 items/min)
2020-05-07 13:15:00 [scrapy.extensions.logstats] INFO: Crawled 22 pages (at 0 pages/min), scraped 0 items (at 0 items/min)
2020-05-07 13:16:00 [scrapy.extensions.logstats] INFO: Crawled 22 pages (at 0 pages/min), scraped 0 items (at 0 items/min)
2020-05-07 13:17:00 [scrapy.extensions.logstats] INFO: Crawled 22 pages (at 0 pages/min), scraped 0 items (at 0 items/min)
2020-05-07 13:18:00 [scrapy.extensions.logstats] INFO: Crawled 22 pages (at 0 pages/min), scraped 0 items (at 0 items/min)
2020-05-07 13:19:00 [scrapy.extensions.logstats] INFO: Crawled 22 pages (at 0 pages/min), scraped 0 items (at 0 items/min)
2020-05-07 13:20:00 [scrapy.extensions.logstats] INFO: Crawled 22 pages (at 0 pages/min), scraped 0 items (at 0 items/min)
2020-05-07 13:21:00 [scrapy.extensions.logstats] INFO: Crawled 22 pages (at 0 pages/min), scraped 0 items (at 0 items/min)
2020-05-07 13:22:00 [scrapy.extensions.logstats] INFO: Crawled 22 pages (at 0 pages/min), scraped 0 items (at 0 items/min)
2020-05-07 13:23:00 [scrapy.extensions.logstats] INFO: Crawled 22 pages (at 0 pages/min), scraped 0 items (at 0 items/min)
2020-05-07 13:24:00 [scrapy.extensions.logstats] INFO: Crawled 22 pages (at 0 pages/min), scraped 0 items (at 0 items/min)
2020-05-07 13:25:00 [scrapy.extensions.logstats] INFO: Crawled 22 pages (at 0 pages/min), scraped 0 items (at 0 items/min)
2020-05-07 13:26:00 [scrapy.extensions.logstats] INFO: Crawled 22 pages (at 0 pages/min), scraped 0 items (at 0 items/min)
2020-05-07 13:27:00 [scrapy.extensions.logstats] INFO: Crawled 22 pages (at 0 pages/min), scraped 0 items (at 0 items/min)
2020-05-07 13:28:00 [scrapy.extensions.logstats] INFO: Crawled 22 pages (at 0 pages/min), scraped 0 items (at 0 items/min)
2020-05-07 13:29:00 [scrapy.extensions.logstats] INFO: Crawled 22 pages (at 0 pages/min), scraped 0 items (at 0 items/min)
2020-05-07 13:30:00 [scrapy.extensions.logstats] INFO: Crawled 22 pages (at 0 pages/min), scraped 0 items (at 0 items/min)
2020-05-07 13:31:00 [scrapy.extensions.logstats] INFO: Crawled 22 pages (at 0 pages/min), scraped 0 items (at 0 items/min)
2020-05-07 13:32:00 [scrapy.extensions.logstats] INFO: Crawled 22 pages (at 0 pages/min), scraped 0 items (at 0 items/min)
2020-05-07 13:33:00 [scrapy.extensions.logstats] INFO: Crawled 22 pages (at 0 pages/min), scraped 0 items (at 0 items/min)
2020-05-07 13:34:00 [scrapy.extensions.logstats] INFO: Crawled 22 pages (at 0 pages/min), scraped 0 items (at 0 items/min)
2020-05-07 13:35:00 [scrapy.extensions.logstats] INFO: Crawled 22 pages (at 0 pages/min), scraped 0 items (at 0 items/min)
2020-05-07 13:36:00 [scrapy.extensions.logstats] INFO: Crawled 22 pages (at 0 pages/min), scraped 0 items (at 0 items/min)
2020-05-07 13:37:00 [scrapy.extensions.logstats] INFO: Crawled 22 pages (at 0 pages/min), scraped 0 items (at 0 items/min)
2020-05-07 13:38:00 [scrapy.extensions.logstats] INFO: Crawled 22 pages (at 0 pages/min), scraped 0 items (at 0 items/min)
2020-05-07 13:39:00 [scrapy.extensions.logstats] INFO: Crawled 22 pages (at 0 pages/min), scraped 0 items (at 0 items/min)
2020-05-07 13:40:00 [scrapy.extensions.logstats] INFO: Crawled 22 pages (at 0 pages/min), scraped 0 items (at 0 items/min)
2020-05-07 13:41:00 [scrapy.extensions.logstats] INFO: Crawled 22 pages (at 0 pages/min), scraped 0 items (at 0 items/min)
2020-05-07 13:42:00 [scrapy.extensions.logstats] INFO: Crawled 22 pages (at 0 pages/min), scraped 0 items (at 0 items/min)
2020-05-07 13:43:00 [scrapy.extensions.logstats] INFO: Crawled 22 pages (at 0 pages/min), scraped 0 items (at 0 items/min)
2020-05-07 13:44:00 [scrapy.extensions.logstats] INFO: Crawled 22 pages (at 0 pages/min), scraped 0 items (at 0 items/min)
2020-05-07 13:45:00 [scrapy.extensions.logstats] INFO: Crawled 22 pages (at 0 pages/min), scraped 0 items (at 0 items/min)
2020-05-07 13:46:00 [scrapy.extensions.logstats] INFO: Crawled 22 pages (at 0 pages/min), scraped 0 items (at 0 items/min)
2020-05-07 13:47:00 [scrapy.extensions.logstats] INFO: Crawled 22 pages (at 0 pages/min), scraped 0 items (at 0 items/min)
2020-05-07 13:48:00 [scrapy.extensions.logstats] INFO: Crawled 22 pages (at 0 pages/min), scraped 0 items (at 0 items/min)
2020-05-07 13:49:00 [scrapy.extensions.logstats] INFO: Crawled 22 pages (at 0 pages/min), scraped 0 items (at 0 items/min)
2020-05-07 13:50:00 [scrapy.extensions.logstats] INFO: Crawled 22 pages (at 0 pages/min), scraped 0 items (at 0 items/min)
2020-05-07 13:51:00 [scrapy.extensions.logstats] INFO: Crawled 22 pages (at 0 pages/min), scraped 0 items (at 0 items/min)
2020-05-07 13:52:00 [scrapy.extensions.logstats] INFO: Crawled 22 pages (at 0 pages/min), scraped 0 items (at 0 items/min)
2020-05-07 13:53:00 [scrapy.extensions.logstats] INFO: Crawled 22 pages (at 0 pages/min), scraped 0 items (at 0 items/min)
2020-05-07 13:54:00 [scrapy.extensions.logstats] INFO: Crawled 22 pages (at 0 pages/min), scraped 0 items (at 0 items/min)
2020-05-07 13:55:00 [scrapy.extensions.logstats] INFO: Crawled 22 pages (at 0 pages/min), scraped 0 items (at 0 items/min)
2020-05-07 13:56:00 [scrapy.extensions.logstats] INFO: Crawled 22 pages (at 0 pages/min), scraped 0 items (at 0 items/min)
2020-05-07 13:57:00 [scrapy.extensions.logstats] INFO: Crawled 22 pages (at 0 pages/min), scraped 0 items (at 0 items/min)
2020-05-07 13:58:00 [scrapy.extensions.logstats] INFO: Crawled 22 pages (at 0 pages/min), scraped 0 items (at 0 items/min)
2020-05-07 13:59:00 [scrapy.extensions.logstats] INFO: Crawled 22 pages (at 0 pages/min), scraped 0 items (at 0 items/min)
2020-05-07 14:00:00 [scrapy.extensions.logstats] INFO: Crawled 22 pages (at 0 pages/min), scraped 0 items (at 0 items/min)
2020-05-07 14:01:00 [scrapy.extensions.logstats] INFO: Crawled 22 pages (at 0 pages/min), scraped 0 items (at 0 items/min)
2020-05-07 14:02:00 [scrapy.extensions.logstats] INFO: Crawled 22 pages (at 0 pages/min), scraped 0 items (at 0 items/min)
2020-05-07 14:03:00 [scrapy.extensions.logstats] INFO: Crawled 22 pages (at 0 pages/min), scraped 0 items (at 0 items/min)
2020-05-07 14:04:00 [scrapy.extensions.logstats] INFO: Crawled 22 pages (at 0 pages/min), scraped 0 items (at 0 items/min)
2020-05-07 14:05:00 [scrapy.extensions.logstats] INFO: Crawled 22 pages (at 0 pages/min), scraped 0 items (at 0 items/min)
2020-05-07 14:06:00 [scrapy.extensions.logstats] INFO: Crawled 22 pages (at 0 pages/min), scraped 0 items (at 0 items/min)
2020-05-07 14:07:00 [scrapy.extensions.logstats] INFO: Crawled 22 pages (at 0 pages/min), scraped 0 items (at 0 items/min)
2020-05-07 14:08:00 [scrapy.extensions.logstats] INFO: Crawled 22 pages (at 0 pages/min), scraped 0 items (at 0 items/min)
2020-05-07 14:09:00 [scrapy.extensions.logstats] INFO: Crawled 22 pages (at 0 pages/min), scraped 0 items (at 0 items/min)
2020-05-07 14:10:00 [scrapy.extensions.logstats] INFO: Crawled 22 pages (at 0 pages/min), scraped 0 items (at 0 items/min)
2020-05-07 14:11:00 [scrapy.extensions.logstats] INFO: Crawled 22 pages (at 0 pages/min), scraped 0 items (at 0 items/min)
2020-05-07 14:12:00 [scrapy.extensions.logstats] INFO: Crawled 22 pages (at 0 pages/min), scraped 0 items (at 0 items/min)
2020-05-07 14:13:00 [scrapy.extensions.logstats] INFO: Crawled 22 pages (at 0 pages/min), scraped 0 items (at 0 items/min)
2020-05-07 14:14:00 [scrapy.extensions.logstats] INFO: Crawled 22 pages (at 0 pages/min), scraped 0 items (at 0 items/min)
2020-05-07 14:15:00 [scrapy.extensions.logstats] INFO: Crawled 22 pages (at 0 pages/min), scraped 0 items (at 0 items/min)
2020-05-07 14:16:00 [scrapy.extensions.logstats] INFO: Crawled 22 pages (at 0 pages/min), scraped 0 items (at 0 items/min)
2020-05-07 14:17:00 [scrapy.extensions.logstats] INFO: Crawled 22 pages (at 0 pages/min), scraped 0 items (at 0 items/min)
2020-05-07 14:18:00 [scrapy.extensions.logstats] INFO: Crawled 22 pages (at 0 pages/min), scraped 0 items (at 0 items/min)
2020-05-07 14:19:00 [scrapy.extensions.logstats] INFO: Crawled 22 pages (at 0 pages/min), scraped 0 items (at 0 items/min)
2020-05-07 14:20:00 [scrapy.extensions.logstats] INFO: Crawled 22 pages (at 0 pages/min), scraped 0 items (at 0 items/min)
2020-05-07 14:21:00 [scrapy.extensions.logstats] INFO: Crawled 22 pages (at 0 pages/min), scraped 0 items (at 0 items/min)
2020-05-07 14:22:00 [scrapy.extensions.logstats] INFO: Crawled 22 pages (at 0 pages/min), scraped 0 items (at 0 items/min)
2020-05-07 14:23:00 [scrapy.extensions.logstats] INFO: Crawled 22 pages (at 0 pages/min), scraped 0 items (at 0 items/min)
2020-05-07 14:24:00 [scrapy.extensions.logstats] INFO: Crawled 22 pages (at 0 pages/min), scraped 0 items (at 0 items/min)
2020-05-07 14:25:00 [scrapy.extensions.logstats] INFO: Crawled 22 pages (at 0 pages/min), scraped 0 items (at 0 items/min)
2020-05-07 14:26:00 [scrapy.extensions.logstats] INFO: Crawled 22 pages (at 0 pages/min), scraped 0 items (at 0 items/min)
2020-05-07 14:27:00 [scrapy.extensions.logstats] INFO: Crawled 22 pages (at 0 pages/min), scraped 0 items (at 0 items/min)
2020-05-07 14:28:00 [scrapy.extensions.logstats] INFO: Crawled 22 pages (at 0 pages/min), scraped 0 items (at 0 items/min)
2020-05-07 14:29:00 [scrapy.extensions.logstats] INFO: Crawled 22 pages (at 0 pages/min), scraped 0 items (at 0 items/min)
2020-05-07 14:30:00 [scrapy.extensions.logstats] INFO: Crawled 22 pages (at 0 pages/min), scraped 0 items (at 0 items/min)
2020-05-07 14:31:00 [scrapy.extensions.logstats] INFO: Crawled 22 pages (at 0 pages/min), scraped 0 items (at 0 items/min)
2020-05-07 14:32:00 [scrapy.extensions.logstats] INFO: Crawled 22 pages (at 0 pages/min), scraped 0 items (at 0 items/min)
2020-05-07 14:33:00 [scrapy.extensions.logstats] INFO: Crawled 22 pages (at 0 pages/min), scraped 0 items (at 0 items/min)
2020-05-07 14:34:00 [scrapy.extensions.logstats] INFO: Crawled 22 pages (at 0 pages/min), scraped 0 items (at 0 items/min)
2020-05-07 14:35:00 [scrapy.extensions.logstats] INFO: Crawled 22 pages (at 0 pages/min), scraped 0 items (at 0 items/min)
2020-05-07 14:36:00 [scrapy.extensions.logstats] INFO: Crawled 22 pages (at 0 pages/min), scraped 0 items (at 0 items/min)
2020-05-07 14:37:00 [scrapy.extensions.logstats] INFO: Crawled 22 pages (at 0 pages/min), scraped 0 items (at 0 items/min)
2020-05-07 14:38:00 [scrapy.extensions.logstats] INFO: Crawled 22 pages (at 0 pages/min), scraped 0 items (at 0 items/min)
2020-05-07 14:39:00 [scrapy.extensions.logstats] INFO: Crawled 22 pages (at 0 pages/min), scraped 0 items (at 0 items/min)
2020-05-07 14:40:00 [scrapy.extensions.logstats] INFO: Crawled 22 pages (at 0 pages/min), scraped 0 items (at 0 items/min)
2020-05-07 14:41:00 [scrapy.extensions.logstats] INFO: Crawled 22 pages (at 0 pages/min), scraped 0 items (at 0 items/min)
2020-05-07 14:42:00 [scrapy.extensions.logstats] INFO: Crawled 22 pages (at 0 pages/min), scraped 0 items (at 0 items/min)
2020-05-07 14:43:00 [scrapy.extensions.logstats] INFO: Crawled 22 pages (at 0 pages/min), scraped 0 items (at 0 items/min)
2020-05-07 14:44:00 [scrapy.extensions.logstats] INFO: Crawled 22 pages (at 0 pages/min), scraped 0 items (at 0 items/min)
2020-05-07 14:45:00 [scrapy.extensions.logstats] INFO: Crawled 22 pages (at 0 pages/min), scraped 0 items (at 0 items/min)
2020-05-07 14:46:00 [scrapy.extensions.logstats] INFO: Crawled 22 pages (at 0 pages/min), scraped 0 items (at 0 items/min)
2020-05-07 14:47:00 [scrapy.extensions.logstats] INFO: Crawled 22 pages (at 0 pages/min), scraped 0 items (at 0 items/min)
2020-05-07 14:48:00 [scrapy.extensions.logstats] INFO: Crawled 22 pages (at 0 pages/min), scraped 0 items (at 0 items/min)
2020-05-07 14:49:00 [scrapy.extensions.logstats] INFO: Crawled 22 pages (at 0 pages/min), scraped 0 items (at 0 items/min)
2020-05-07 14:50:00 [scrapy.extensions.logstats] INFO: Crawled 22 pages (at 0 pages/min), scraped 0 items (at 0 items/min)
2020-05-07 14:51:00 [scrapy.extensions.logstats] INFO: Crawled 22 pages (at 0 pages/min), scraped 0 items (at 0 items/min)
2020-05-07 14:52:00 [scrapy.extensions.logstats] INFO: Crawled 22 pages (at 0 pages/min), scraped 0 items (at 0 items/min)
2020-05-07 14:53:00 [scrapy.extensions.logstats] INFO: Crawled 22 pages (at 0 pages/min), scraped 0 items (at 0 items/min)
2020-05-07 14:54:00 [scrapy.extensions.logstats] INFO: Crawled 22 pages (at 0 pages/min), scraped 0 items (at 0 items/min)
2020-05-07 14:55:00 [scrapy.extensions.logstats] INFO: Crawled 22 pages (at 0 pages/min), scraped 0 items (at 0 items/min)
2020-05-07 14:56:00 [scrapy.extensions.logstats] INFO: Crawled 22 pages (at 0 pages/min), scraped 0 items (at 0 items/min)
2020-05-07 14:57:00 [scrapy.extensions.logstats] INFO: Crawled 22 pages (at 0 pages/min), scraped 0 items (at 0 items/min)
2020-05-07 14:58:00 [scrapy.extensions.logstats] INFO: Crawled 22 pages (at 0 pages/min), scraped 0 items (at 0 items/min)
2020-05-07 14:59:00 [scrapy.extensions.logstats] INFO: Crawled 22 pages (at 0 pages/min), scraped 0 items (at 0 items/min)
2020-05-07 15:00:00 [scrapy.extensions.logstats] INFO: Crawled 22 pages (at 0 pages/min), scraped 0 items (at 0 items/min)
2020-05-07 15:01:00 [scrapy.extensions.logstats] INFO: Crawled 22 pages (at 0 pages/min), scraped 0 items (at 0 items/min)
2020-05-07 15:02:00 [scrapy.extensions.logstats] INFO: Crawled 22 pages (at 0 pages/min), scraped 0 items (at 0 items/min)
2020-05-07 15:03:00 [scrapy.extensions.logstats] INFO: Crawled 22 pages (at 0 pages/min), scraped 0 items (at 0 items/min)
2020-05-07 15:04:00 [scrapy.extensions.logstats] INFO: Crawled 22 pages (at 0 pages/min), scraped 0 items (at 0 items/min)
2020-05-07 15:05:00 [scrapy.extensions.logstats] INFO: Crawled 22 pages (at 0 pages/min), scraped 0 items (at 0 items/min)
2020-05-07 15:06:00 [scrapy.extensions.logstats] INFO: Crawled 22 pages (at 0 pages/min), scraped 0 items (at 0 items/min)
2020-05-07 15:07:00 [scrapy.extensions.logstats] INFO: Crawled 22 pages (at 0 pages/min), scraped 0 items (at 0 items/min)
2020-05-07 15:08:00 [scrapy.extensions.logstats] INFO: Crawled 22 pages (at 0 pages/min), scraped 0 items (at 0 items/min)
2020-05-07 15:09:00 [scrapy.extensions.logstats] INFO: Crawled 22 pages (at 0 pages/min), scraped 0 items (at 0 items/min)
2020-05-07 15:10:00 [scrapy.extensions.logstats] INFO: Crawled 22 pages (at 0 pages/min), scraped 0 items (at 0 items/min)
2020-05-07 15:11:00 [scrapy.extensions.logstats] INFO: Crawled 22 pages (at 0 pages/min), scraped 0 items (at 0 items/min)
2020-05-07 15:12:00 [scrapy.extensions.logstats] INFO: Crawled 22 pages (at 0 pages/min), scraped 0 items (at 0 items/min)
2020-05-07 15:13:00 [scrapy.extensions.logstats] INFO: Crawled 22 pages (at 0 pages/min), scraped 0 items (at 0 items/min)
2020-05-07 15:14:00 [scrapy.extensions.logstats] INFO: Crawled 22 pages (at 0 pages/min), scraped 0 items (at 0 items/min)
2020-05-07 15:15:00 [scrapy.extensions.logstats] INFO: Crawled 22 pages (at 0 pages/min), scraped 0 items (at 0 items/min)
2020-05-07 15:16:00 [scrapy.extensions.logstats] INFO: Crawled 22 pages (at 0 pages/min), scraped 0 items (at 0 items/min)
2020-05-07 15:17:00 [scrapy.extensions.logstats] INFO: Crawled 22 pages (at 0 pages/min), scraped 0 items (at 0 items/min)
2020-05-07 15:18:00 [scrapy.extensions.logstats] INFO: Crawled 22 pages (at 0 pages/min), scraped 0 items (at 0 items/min)
2020-05-07 15:19:00 [scrapy.extensions.logstats] INFO: Crawled 22 pages (at 0 pages/min), scraped 0 items (at 0 items/min)
2020-05-07 15:20:00 [scrapy.extensions.logstats] INFO: Crawled 22 pages (at 0 pages/min), scraped 0 items (at 0 items/min)
2020-05-07 15:21:00 [scrapy.extensions.logstats] INFO: Crawled 22 pages (at 0 pages/min), scraped 0 items (at 0 items/min)
2020-05-07 15:22:00 [scrapy.extensions.logstats] INFO: Crawled 22 pages (at 0 pages/min), scraped 0 items (at 0 items/min)
2020-05-07 15:23:00 [scrapy.extensions.logstats] INFO: Crawled 22 pages (at 0 pages/min), scraped 0 items (at 0 items/min)
2020-05-07 15:24:00 [scrapy.extensions.logstats] INFO: Crawled 22 pages (at 0 pages/min), scraped 0 items (at 0 items/min)
2020-05-07 15:25:00 [scrapy.extensions.logstats] INFO: Crawled 22 pages (at 0 pages/min), scraped 0 items (at 0 items/min)
2020-05-07 15:26:00 [scrapy.extensions.logstats] INFO: Crawled 22 pages (at 0 pages/min), scraped 0 items (at 0 items/min)
2020-05-07 15:27:00 [scrapy.extensions.logstats] INFO: Crawled 22 pages (at 0 pages/min), scraped 0 items (at 0 items/min)
2020-05-07 15:28:00 [scrapy.extensions.logstats] INFO: Crawled 22 pages (at 0 pages/min), scraped 0 items (at 0 items/min)
2020-05-07 15:29:00 [scrapy.extensions.logstats] INFO: Crawled 22 pages (at 0 pages/min), scraped 0 items (at 0 items/min)
2020-05-07 15:30:00 [scrapy.extensions.logstats] INFO: Crawled 22 pages (at 0 pages/min), scraped 0 items (at 0 items/min)
2020-05-07 15:31:00 [scrapy.extensions.logstats] INFO: Crawled 22 pages (at 0 pages/min), scraped 0 items (at 0 items/min)
2020-05-07 15:32:00 [scrapy.extensions.logstats] INFO: Crawled 22 pages (at 0 pages/min), scraped 0 items (at 0 items/min)
2020-05-07 15:33:00 [scrapy.extensions.logstats] INFO: Crawled 22 pages (at 0 pages/min), scraped 0 items (at 0 items/min)
2020-05-07 15:34:00 [scrapy.extensions.logstats] INFO: Crawled 22 pages (at 0 pages/min), scraped 0 items (at 0 items/min)
2020-05-07 15:35:00 [scrapy.extensions.logstats] INFO: Crawled 22 pages (at 0 pages/min), scraped 0 items (at 0 items/min)
2020-05-07 15:36:00 [scrapy.extensions.logstats] INFO: Crawled 22 pages (at 0 pages/min), scraped 0 items (at 0 items/min)
2020-05-07 15:37:00 [scrapy.extensions.logstats] INFO: Crawled 22 pages (at 0 pages/min), scraped 0 items (at 0 items/min)
2020-05-07 15:38:00 [scrapy.extensions.logstats] INFO: Crawled 22 pages (at 0 pages/min), scraped 0 items (at 0 items/min)
2020-05-07 15:39:00 [scrapy.extensions.logstats] INFO: Crawled 22 pages (at 0 pages/min), scraped 0 items (at 0 items/min)
2020-05-07 15:40:00 [scrapy.extensions.logstats] INFO: Crawled 22 pages (at 0 pages/min), scraped 0 items (at 0 items/min)
2020-05-07 15:41:00 [scrapy.extensions.logstats] INFO: Crawled 22 pages (at 0 pages/min), scraped 0 items (at 0 items/min)
2020-05-07 15:42:00 [scrapy.extensions.logstats] INFO: Crawled 22 pages (at 0 pages/min), scraped 0 items (at 0 items/min)
2020-05-07 15:43:00 [scrapy.extensions.logstats] INFO: Crawled 22 pages (at 0 pages/min), scraped 0 items (at 0 items/min)
2020-05-07 15:44:00 [scrapy.extensions.logstats] INFO: Crawled 22 pages (at 0 pages/min), scraped 0 items (at 0 items/min)
2020-05-07 15:45:00 [scrapy.extensions.logstats] INFO: Crawled 22 pages (at 0 pages/min), scraped 0 items (at 0 items/min)
2020-05-07 15:46:00 [scrapy.extensions.logstats] INFO: Crawled 22 pages (at 0 pages/min), scraped 0 items (at 0 items/min)
2020-05-07 15:47:00 [scrapy.extensions.logstats] INFO: Crawled 22 pages (at 0 pages/min), scraped 0 items (at 0 items/min)
2020-05-07 15:48:00 [scrapy.extensions.logstats] INFO: Crawled 22 pages (at 0 pages/min), scraped 0 items (at 0 items/min)
2020-05-07 15:49:00 [scrapy.extensions.logstats] INFO: Crawled 22 pages (at 0 pages/min), scraped 0 items (at 0 items/min)
2020-05-07 15:50:00 [scrapy.extensions.logstats] INFO: Crawled 22 pages (at 0 pages/min), scraped 0 items (at 0 items/min)
2020-05-07 15:51:00 [scrapy.extensions.logstats] INFO: Crawled 22 pages (at 0 pages/min), scraped 0 items (at 0 items/min)
2020-05-07 15:52:00 [scrapy.extensions.logstats] INFO: Crawled 22 pages (at 0 pages/min), scraped 0 items (at 0 items/min)
2020-05-07 15:53:00 [scrapy.extensions.logstats] INFO: Crawled 22 pages (at 0 pages/min), scraped 0 items (at 0 items/min)
2020-05-07 15:54:00 [scrapy.extensions.logstats] INFO: Crawled 22 pages (at 0 pages/min), scraped 0 items (at 0 items/min)
2020-05-07 15:55:00 [scrapy.extensions.logstats] INFO: Crawled 22 pages (at 0 pages/min), scraped 0 items (at 0 items/min)
2020-05-07 15:56:00 [scrapy.extensions.logstats] INFO: Crawled 22 pages (at 0 pages/min), scraped 0 items (at 0 items/min)
2020-05-07 15:57:00 [scrapy.extensions.logstats] INFO: Crawled 22 pages (at 0 pages/min), scraped 0 items (at 0 items/min)
2020-05-07 15:58:00 [scrapy.extensions.logstats] INFO: Crawled 22 pages (at 0 pages/min), scraped 0 items (at 0 items/min)
2020-05-07 15:59:00 [scrapy.extensions.logstats] INFO: Crawled 22 pages (at 0 pages/min), scraped 0 items (at 0 items/min)
2020-05-07 16:00:00 [scrapy.extensions.logstats] INFO: Crawled 22 pages (at 0 pages/min), scraped 0 items (at 0 items/min)
2020-05-07 16:01:00 [scrapy.extensions.logstats] INFO: Crawled 22 pages (at 0 pages/min), scraped 0 items (at 0 items/min)
2020-05-07 16:02:00 [scrapy.extensions.logstats] INFO: Crawled 22 pages (at 0 pages/min), scraped 0 items (at 0 items/min)
2020-05-07 16:03:00 [scrapy.extensions.logstats] INFO: Crawled 22 pages (at 0 pages/min), scraped 0 items (at 0 items/min)
2020-05-07 16:04:00 [scrapy.extensions.logstats] INFO: Crawled 22 pages (at 0 pages/min), scraped 0 items (at 0 items/min)
2020-05-07 16:05:00 [scrapy.extensions.logstats] INFO: Crawled 22 pages (at 0 pages/min), scraped 0 items (at 0 items/min)
2020-05-07 16:06:00 [scrapy.extensions.logstats] INFO: Crawled 22 pages (at 0 pages/min), scraped 0 items (at 0 items/min)
2020-05-07 16:07:00 [scrapy.extensions.logstats] INFO: Crawled 22 pages (at 0 pages/min), scraped 0 items (at 0 items/min)
2020-05-07 16:08:00 [scrapy.extensions.logstats] INFO: Crawled 22 pages (at 0 pages/min), scraped 0 items (at 0 items/min)
2020-05-07 16:09:00 [scrapy.extensions.logstats] INFO: Crawled 22 pages (at 0 pages/min), scraped 0 items (at 0 items/min)
2020-05-07 16:10:00 [scrapy.extensions.logstats] INFO: Crawled 22 pages (at 0 pages/min), scraped 0 items (at 0 items/min)
2020-05-07 16:11:00 [scrapy.extensions.logstats] INFO: Crawled 22 pages (at 0 pages/min), scraped 0 items (at 0 items/min)
2020-05-07 16:12:00 [scrapy.extensions.logstats] INFO: Crawled 22 pages (at 0 pages/min), scraped 0 items (at 0 items/min)
2020-05-07 16:13:00 [scrapy.extensions.logstats] INFO: Crawled 22 pages (at 0 pages/min), scraped 0 items (at 0 items/min)
2020-05-07 16:14:00 [scrapy.extensions.logstats] INFO: Crawled 22 pages (at 0 pages/min), scraped 0 items (at 0 items/min)
2020-05-07 16:15:00 [scrapy.extensions.logstats] INFO: Crawled 22 pages (at 0 pages/min), scraped 0 items (at 0 items/min)
