2020-05-14 17:00:28 [scrapy.utils.log] INFO: Scrapy 2.0.1 started (bot: spiderV1)
2020-05-14 17:00:28 [scrapy.utils.log] INFO: Versions: lxml 4.5.0.0, libxml2 2.9.10, cssselect 1.1.0, parsel 1.5.2, w3lib 1.21.0, Twisted 20.3.0, Python 3.7.1 (default, Mar 24 2020, 11:45:49) - [GCC 4.8.5 20150623 (Red Hat 4.8.5-39)], pyOpenSSL 19.1.0 (OpenSSL 1.1.1d  10 Sep 2019), cryptography 2.8, Platform Linux-3.10.0-1062.18.1.el7.x86_64-x86_64-with-centos-7.7.1908-Core
2020-05-14 17:00:28 [scrapy.utils.log] DEBUG: Using reactor: twisted.internet.epollreactor.EPollReactor
2020-05-14 17:00:28 [scrapy.crawler] INFO: Overridden settings:
{'BOT_NAME': 'spiderV1',
 'COOKIES_ENABLED': False,
 'DOWNLOAD_DELAY': 1,
 'DUPEFILTER_CLASS': 'scrapy_redis.dupefilter.RFPDupeFilter',
 'HTTPCACHE_STORAGE': 'scrapy_splash.SplashAwareFSCacheStorage',
 'LOG_FILE': 'logs/default/vgtime/5576239695c111eab03900163e0d9d53.log',
 'NEWSPIDER_MODULE': 'spiderV1.spiders',
 'SCHEDULER': 'scrapy_redis.scheduler.Scheduler',
 'SPIDER_MODULES': ['spiderV1.spiders']}
2020-05-14 17:00:28 [scrapy.extensions.telnet] INFO: Telnet Password: 1d9fd90c3dcf0c1f
2020-05-14 17:00:28 [scrapy.middleware] INFO: Enabled extensions:
['scrapy.extensions.corestats.CoreStats',
 'scrapy.extensions.telnet.TelnetConsole',
 'scrapy.extensions.memusage.MemoryUsage',
 'scrapy.extensions.logstats.LogStats']
2020-05-14 17:00:28 [vgtime] INFO: Reading start URLs from redis key 'vgtime:spider:strat_urls' (batch size: 16, encoding: utf-8
2020-05-14 17:00:28 [scrapy.middleware] INFO: Enabled downloader middlewares:
['scrapy.downloadermiddlewares.httpauth.HttpAuthMiddleware',
 'scrapy.downloadermiddlewares.downloadtimeout.DownloadTimeoutMiddleware',
 'scrapy.downloadermiddlewares.defaultheaders.DefaultHeadersMiddleware',
 'scrapy.downloadermiddlewares.useragent.UserAgentMiddleware',
 'spiderV1.middlewares.SeleniumMiddleware',
 'scrapy.downloadermiddlewares.retry.RetryMiddleware',
 'spiderV1.middlewares.ScrapytestDownloaderMiddleware',
 'scrapy.downloadermiddlewares.redirect.MetaRefreshMiddleware',
 'scrapy.downloadermiddlewares.redirect.RedirectMiddleware',
 'scrapy.downloadermiddlewares.httpproxy.HttpProxyMiddleware',
 'scrapy.downloadermiddlewares.httpcompression.HttpCompressionMiddleware',
 'scrapy.downloadermiddlewares.stats.DownloaderStats']
2020-05-14 17:00:28 [scrapy.middleware] INFO: Enabled spider middlewares:
['scrapy.spidermiddlewares.httperror.HttpErrorMiddleware',
 'scrapy.spidermiddlewares.offsite.OffsiteMiddleware',
 'scrapy.spidermiddlewares.referer.RefererMiddleware',
 'scrapy.spidermiddlewares.urllength.UrlLengthMiddleware',
 'scrapy.spidermiddlewares.depth.DepthMiddleware']
2020-05-14 17:00:29 [py.warnings] WARNING: /root/spider/scrapyspider/spiderV1/pipelines.py:80: YAMLLoadWarning: calling yaml.load() without Loader=... is deprecated, as the default Loader is unsafe. Please read https://msg.pyyaml.org/load for full details.
  temp = yaml.load(f.read())

2020-05-14 17:00:29 [scrapy.middleware] INFO: Enabled item pipelines:
['spiderV1.pipelines.SaveDataToFile']
2020-05-14 17:00:29 [scrapy.core.engine] INFO: Spider opened
2020-05-14 17:00:29 [scrapy.extensions.logstats] INFO: Crawled 0 pages (at 0 pages/min), scraped 0 items (at 0 items/min)
2020-05-14 17:00:29 [vgtime] INFO: Spider opened: vgtime
2020-05-14 17:00:29 [scrapy.extensions.telnet] INFO: Telnet console listening on 127.0.0.1:6024
2020-05-14 17:00:29 [vgtime] DEBUG: Read 1 requests from 'vgtime:spider:strat_urls'
2020-05-14 17:00:31 [scrapy.core.engine] DEBUG: Crawled (200) <POST http://api.youxishiguang.com:8080/vgtime-app/api/v3/game/recommend_list_by_category> (referer: None)
2020-05-14 17:00:32 [scrapy.core.scraper] DEBUG: Scraped from <200 http://api.youxishiguang.com:8080/vgtime-app/api/v3/game/recommend_list_by_category>
{'cover': 'https://img01.vgtime.com/game/cover/2019/08/29/190829131812173_u59.jpg',
 'data_type': 'game',
 'id': 'vgtime_11573',
 'intro': '系列革新之作。',
 'is_new': 'False',
 'name': '如龙7 光与暗的去向',
 'platforms': ['PS4'],
 'publishdate': '2020-01-16',
 'rate': 9.3,
 'tags': '',
 'type': 'game',
 'url': ''}
2020-05-14 17:00:32 [scrapy.core.scraper] DEBUG: Scraped from <200 http://api.youxishiguang.com:8080/vgtime-app/api/v3/game/recommend_list_by_category>
{'cover': 'https://img01.vgtime.com/game/cover/2018/06/15/180615000752717.jpg',
 'data_type': 'game',
 'id': 'vgtime_10366',
 'intro': '最美丽的平台动作游戏。',
 'is_new': 'False',
 'name': '精灵与萤火意志',
 'platforms': ['XB1', 'PC'],
 'publishdate': '2020-03-11',
 'rate': 9.2,
 'tags': '',
 'type': 'game',
 'url': ''}
2020-05-14 17:00:32 [scrapy.core.scraper] DEBUG: Scraped from <200 http://api.youxishiguang.com:8080/vgtime-app/api/v3/game/recommend_list_by_category>
{'cover': 'https://img01.vgtime.com/game/cover/2020/02/17/200217175622792_u292926.jpg',
 'data_type': 'game',
 'id': 'vgtime_10745',
 'intro': '解放你的想象力。',
 'is_new': 'False',
 'name': 'Dreams Universe',
 'platforms': ['PS4'],
 'publishdate': '2020-02-14',
 'rate': 9.4,
 'tags': '',
 'type': 'game',
 'url': ''}
2020-05-14 17:00:32 [scrapy.core.scraper] DEBUG: Scraped from <200 http://api.youxishiguang.com:8080/vgtime-app/api/v3/game/recommend_list_by_category>
{'cover': 'https://img01.vgtime.com/game/cover/2019/11/22/191122092042573_u59.jpg',
 'data_type': 'game',
 'id': 'vgtime_11640',
 'intro': '或许是引领 VR 的一作。',
 'is_new': 'False',
 'name': '半衰期：爱莉克斯',
 'platforms': ['PC'],
 'publishdate': '2020-03-23',
 'rate': 9.6,
 'tags': '',
 'type': 'game',
 'url': ''}
2020-05-14 17:00:32 [scrapy.core.scraper] DEBUG: Scraped from <200 http://api.youxishiguang.com:8080/vgtime-app/api/v3/game/recommend_list_by_category>
{'cover': 'https://img01.vgtime.com/game/cover/2019/09/25/19092507595527_u59.jpg',
 'data_type': 'game',
 'id': 'vgtime_2215',
 'intro': '重现一个时代的美好回忆。',
 'is_new': 'False',
 'name': '最终幻想7 重制版',
 'platforms': ['PS4'],
 'publishdate': '2020-04-10',
 'rate': 9.6,
 'tags': '',
 'type': 'game',
 'url': ''}
2020-05-14 17:00:32 [scrapy.core.scraper] DEBUG: Scraped from <200 http://api.youxishiguang.com:8080/vgtime-app/api/v3/game/recommend_list_by_category>
{'cover': 'https://img01.vgtime.com/game/cover/2019/11/12/19111213335061_u59.jpg',
 'data_type': 'game',
 'id': 'vgtime_2943',
 'intro': '等了那么多年，终于等来了。',
 'is_new': 'False',
 'name': '十三机兵防卫圈',
 'platforms': ['PS4'],
 'publishdate': '2019-11-28',
 'rate': 9.7,
 'tags': '',
 'type': 'game',
 'url': ''}
2020-05-14 17:00:32 [scrapy.core.scraper] DEBUG: Scraped from <200 http://api.youxishiguang.com:8080/vgtime-app/api/v3/game/recommend_list_by_category>
{'cover': 'https://img01.vgtime.com/game/cover/2018/06/13/180613165625229.jpg',
 'data_type': 'game',
 'id': 'vgtime_10782',
 'intro': '干掉所有会动的东西，这就是……',
 'is_new': 'False',
 'name': '毁灭战士 永恒',
 'platforms': ['Stadia', 'NS', 'PS4', 'XB1', 'PC'],
 'publishdate': '2020-03-20',
 'rate': 9.1,
 'tags': '',
 'type': 'game',
 'url': ''}
2020-05-14 17:00:32 [scrapy.core.scraper] DEBUG: Scraped from <200 http://api.youxishiguang.com:8080/vgtime-app/api/v3/game/recommend_list_by_category>
{'cover': 'https://img01.vgtime.com/game/cover/2020/01/03/200103163022387_u292926.jpg',
 'data_type': 'game',
 'id': 'vgtime_10905',
 'intro': '……猛男的最爱？',
 'is_new': 'False',
 'name': '集合啦！动物森友会',
 'platforms': ['NS'],
 'publishdate': '2020-03-20',
 'rate': 9.7,
 'tags': '',
 'type': 'game',
 'url': ''}
2020-05-14 17:00:32 [scrapy.core.scraper] DEBUG: Scraped from <200 http://api.youxishiguang.com:8080/vgtime-app/api/v3/game/recommend_list_by_category>
{'cover': 'https://img01.vgtime.com/game/cover/2019/09/25/19092507595527_u59.jpg',
 'data_type': 'game',
 'id': 'vgtime_2215',
 'intro': '重现一个时代的美好回忆。',
 'is_new': 'False',
 'name': '最终幻想7 重制版',
 'platforms': ['PS4'],
 'publishdate': '2020-04-10',
 'rate': 9.6,
 'tags': '',
 'type': 'game',
 'url': ''}
2020-05-14 17:00:32 [scrapy.core.scraper] DEBUG: Scraped from <200 http://api.youxishiguang.com:8080/vgtime-app/api/v3/game/recommend_list_by_category>
{'cover': 'https://img01.vgtime.com/game/cover/2019/12/03/191203214202810_u59.png',
 'data_type': 'game',
 'id': 'vgtime_11649',
 'intro': '时隔一年，再次回到浣熊市。',
 'is_new': 'False',
 'name': '生化危机3 重制版',
 'platforms': ['PS4', 'XB1', 'PC'],
 'publishdate': '2020-04-03',
 'rate': 8.0,
 'tags': '',
 'type': 'game',
 'url': ''}
2020-05-14 17:00:32 [scrapy.core.scraper] DEBUG: Scraped from <200 http://api.youxishiguang.com:8080/vgtime-app/api/v3/game/recommend_list_by_category>
{'cover': 'https://img01.vgtime.com/game/cover/2017/09/29/170929183519258.jpg',
 'data_type': 'game',
 'id': 'vgtime_10545',
 'intro': 'PC 玩家也能玩到了。',
 'is_new': 'False',
 'name': '告别回忆 无垢少女',
 'platforms': ['NS', 'PS4', 'PC', 'PSV'],
 'publishdate': '2018-03-29',
 'rate': 9.1,
 'tags': '',
 'type': 'game',
 'url': ''}
2020-05-14 17:00:32 [scrapy.core.scraper] DEBUG: Scraped from <200 http://api.youxishiguang.com:8080/vgtime-app/api/v3/game/recommend_list_by_category>
{'cover': 'https://img01.vgtime.com/game/cover/2020/04/14/200414182157386_u162815.jpg',
 'data_type': 'game',
 'id': 'vgtime_11779',
 'intro': '“幽浮：彩虹小队”？',
 'is_new': 'False',
 'name': '幽浮 奇美拉战队',
 'platforms': ['PC'],
 'publishdate': '2020-04-24',
 'rate': 5.3,
 'tags': '',
 'type': 'game',
 'url': ''}
2020-05-14 17:00:32 [scrapy.core.scraper] DEBUG: Scraped from <200 http://api.youxishiguang.com:8080/vgtime-app/api/v3/game/recommend_list_by_category>
{'cover': 'https://img01.vgtime.com/game/cover/2018/06/13/180613165625229.jpg',
 'data_type': 'game',
 'id': 'vgtime_10782',
 'intro': '干掉所有会动的东西，这就是……',
 'is_new': 'False',
 'name': '毁灭战士 永恒',
 'platforms': ['Stadia', 'NS', 'PS4', 'XB1', 'PC'],
 'publishdate': '2020-03-20',
 'rate': 9.1,
 'tags': '',
 'type': 'game',
 'url': ''}
2020-05-14 17:00:32 [scrapy.core.scraper] DEBUG: Scraped from <200 http://api.youxishiguang.com:8080/vgtime-app/api/v3/game/recommend_list_by_category>
{'cover': 'https://img01.vgtime.com/game/cover/2020/01/03/200103163022387_u292926.jpg',
 'data_type': 'game',
 'id': 'vgtime_10905',
 'intro': '……猛男的最爱？',
 'is_new': 'False',
 'name': '集合啦！动物森友会',
 'platforms': ['NS'],
 'publishdate': '2020-03-20',
 'rate': 9.7,
 'tags': '',
 'type': 'game',
 'url': ''}
2020-05-14 17:00:32 [scrapy.core.scraper] DEBUG: Scraped from <200 http://api.youxishiguang.com:8080/vgtime-app/api/v3/game/recommend_list_by_category>
{'cover': 'https://img01.vgtime.com/game/cover/2020/03/02/200302160452990_u980.jpg',
 'data_type': 'game',
 'id': 'vgtime_11443',
 'intro': '酷炫的风格，刺激的战斗。',
 'is_new': 'False',
 'name': '尖峰战队',
 'platforms': ['XB1', 'PC'],
 'publishdate': '2020-03-24',
 'rate': 7.3,
 'tags': '',
 'type': 'game',
 'url': ''}
2020-05-14 17:00:32 [scrapy.core.scraper] DEBUG: Scraped from <200 http://api.youxishiguang.com:8080/vgtime-app/api/v3/game/recommend_list_by_category>
{'cover': 'https://img01.vgtime.com/game/cover/2019/04/24/190424233920250.jpg',
 'data_type': 'game',
 'id': 'vgtime_11393',
 'intro': '“拥有大量新内容的皇家版……”',
 'is_new': 'False',
 'name': '女神异闻录5R',
 'platforms': ['PS4'],
 'publishdate': '2019-10-31',
 'rate': 8.9,
 'tags': '',
 'type': 'game',
 'url': ''}
2020-05-14 17:00:32 [scrapy.core.scraper] DEBUG: Scraped from <200 http://api.youxishiguang.com:8080/vgtime-app/api/v3/game/recommend_list_by_category>
{'cover': 'https://img01.vgtime.com/game/cover/2019/10/24/191024144744418_u2505.jpg',
 'data_type': 'game',
 'id': 'vgtime_11397',
 'intro': '“……就是我！”',
 'is_new': 'False',
 'name': '女神异闻录5 乱战 魅影攻手',
 'platforms': ['NS', 'PS4'],
 'publishdate': '2020-02-20',
 'rate': 8.7,
 'tags': '',
 'type': 'game',
 'url': ''}
2020-05-14 17:00:32 [scrapy.core.scraper] DEBUG: Scraped from <200 http://api.youxishiguang.com:8080/vgtime-app/api/v3/game/recommend_list_by_category>
{'cover': 'https://img01.vgtime.com/game/web/151202151142278.jpg',
 'data_type': 'game',
 'id': 'vgtime_3456',
 'intro': '提前拥有了 FreeStyle 的但丁。',
 'is_new': 'False',
 'name': '鬼泣3 特别版',
 'platforms': ['NS', 'PS4', 'XB1', 'PC', 'PS3', 'X360', 'PS2'],
 'publishdate': '2006-01-24',
 'rate': 8.9,
 'tags': '',
 'type': 'game',
 'url': ''}
2020-05-14 17:00:32 [scrapy.core.scraper] DEBUG: Scraped from <200 http://api.youxishiguang.com:8080/vgtime-app/api/v3/game/recommend_list_by_category>
{'cover': 'https://img01.vgtime.com/game/cover/2019/11/13/191113111341168_u59.jpg',
 'data_type': 'game',
 'id': 'vgtime_11414',
 'intro': '骑空士的格斗游戏。',
 'is_new': 'False',
 'name': '碧蓝幻想Versus',
 'platforms': ['PS4', 'PC'],
 'publishdate': '2020-02-06',
 'rate': 7.8,
 'tags': '',
 'type': 'game',
 'url': ''}
2020-05-14 17:00:32 [scrapy.core.scraper] DEBUG: Scraped from <200 http://api.youxishiguang.com:8080/vgtime-app/api/v3/game/recommend_list_by_category>
{'cover': 'https://img01.vgtime.com/game/cover/2020/01/30/200130115043953_u59.png',
 'data_type': 'game',
 'id': 'vgtime_11718',
 'intro': '啪嗒，啪嗒，啪嗒砰！',
 'is_new': 'False',
 'name': '啪嗒砰2 高清版',
 'platforms': ['PS4'],
 'publishdate': '2020-01-31',
 'rate': 7.8,
 'tags': '',
 'type': 'game',
 'url': ''}
2020-05-14 17:00:32 [scrapy.core.scraper] DEBUG: Scraped from <200 http://api.youxishiguang.com:8080/vgtime-app/api/v3/game/recommend_list_by_category>
{'cover': 'https://img01.vgtime.com/game/cover/2019/08/29/190829131812173_u59.jpg',
 'data_type': 'game',
 'id': 'vgtime_11573',
 'intro': '系列革新之作。',
 'is_new': 'False',
 'name': '如龙7 光与暗的去向',
 'platforms': ['PS4'],
 'publishdate': '2020-01-16',
 'rate': 9.3,
 'tags': '',
 'type': 'game',
 'url': ''}
2020-05-14 17:00:32 [scrapy.core.scraper] DEBUG: Scraped from <200 http://api.youxishiguang.com:8080/vgtime-app/api/v3/game/recommend_list_by_category>
{'cover': 'https://img01.vgtime.com/game/cover/2019/09/12/190912163343845_u59.jpg',
 'data_type': 'game',
 'id': 'vgtime_11527',
 'intro': '在《三国志》中「涂地」吧！',
 'is_new': 'False',
 'name': '三国志14',
 'platforms': ['PS4', 'PC'],
 'publishdate': '2020-01-16',
 'rate': 7.6,
 'tags': '',
 'type': 'game',
 'url': ''}
2020-05-14 17:00:32 [scrapy.core.scraper] DEBUG: Scraped from <200 http://api.youxishiguang.com:8080/vgtime-app/api/v3/game/recommend_list_by_category>
{'cover': 'https://img01.vgtime.com/game/cover/2018/06/12/180612002816266.jpg',
 'data_type': 'game',
 'id': 'vgtime_10767',
 'intro': '天诛+老贼，再度点燃受苦之魂。',
 'is_new': 'False',
 'name': '只狼 影逝二度',
 'platforms': ['PS4', 'XB1', 'PC'],
 'publishdate': '2019-03-22',
 'rate': 9.6,
 'tags': '',
 'type': 'game',
 'url': ''}
2020-05-14 17:00:32 [scrapy.core.scraper] DEBUG: Scraped from <200 http://api.youxishiguang.com:8080/vgtime-app/api/v3/game/recommend_list_by_category>
{'cover': 'https://img01.vgtime.com/game/cover/2019/05/10/190510171223122.jpg',
 'data_type': 'game',
 'id': 'vgtime_10778',
 'intro': '「火焰纹章」系列有史以来最唯美、浪漫的副标题。',
 'is_new': 'False',
 'name': '火焰纹章 风花雪月',
 'platforms': ['NS'],
 'publishdate': '2019-07-26',
 'rate': 9.2,
 'tags': '',
 'type': 'game',
 'url': ''}
2020-05-14 17:00:32 [scrapy.core.scraper] DEBUG: Scraped from <200 http://api.youxishiguang.com:8080/vgtime-app/api/v3/game/recommend_list_by_category>
{'cover': 'https://img01.vgtime.com/game/cover/2019/12/18/191218191740205_u54.jpg',
 'data_type': 'game',
 'id': 'vgtime_4315',
 'intro': '岛神会摸鱼，但不会让我们失望。',
 'is_new': 'False',
 'name': '死亡搁浅',
 'platforms': ['PS4', 'PC'],
 'publishdate': '2019-11-08',
 'rate': 9.0,
 'tags': '',
 'type': 'game',
 'url': ''}
2020-05-14 17:00:32 [scrapy.core.scraper] DEBUG: Scraped from <200 http://api.youxishiguang.com:8080/vgtime-app/api/v3/game/recommend_list_by_category>
{'cover': 'https://img01.vgtime.com/game/cover/2018/09/14/180914162627885.jpg',
 'data_type': 'game',
 'id': 'vgtime_10909',
 'intro': '路易吉吓得绿帽子都掉地上了，而你在哈哈大笑。',
 'is_new': 'False',
 'name': '路易吉洋楼3',
 'platforms': ['NS'],
 'publishdate': '2019-10-31',
 'rate': 9.0,
 'tags': '',
 'type': 'game',
 'url': ''}
2020-05-14 17:00:32 [scrapy.core.scraper] DEBUG: Scraped from <200 http://api.youxishiguang.com:8080/vgtime-app/api/v3/game/recommend_list_by_category>
{'cover': 'https://img01.vgtime.com/game/cover/2019/08/22/190822124042761_u59.jpg',
 'data_type': 'game',
 'id': 'vgtime_10700',
 'intro': '老游戏，新姿态。',
 'is_new': 'False',
 'name': '新樱花大战',
 'platforms': ['PS4'],
 'publishdate': '2019-12-12',
 'rate': 8.3,
 'tags': '',
 'type': 'game',
 'url': ''}
2020-05-14 17:00:32 [scrapy.core.scraper] DEBUG: Scraped from <200 http://api.youxishiguang.com:8080/vgtime-app/api/v3/game/recommend_list_by_category>
{'cover': 'https://img01.vgtime.com/game/cover/2019/09/30/190930184059205_u59.jpg',
 'data_type': 'game',
 'id': 'vgtime_11609',
 'intro': '快来测测自己的脑年龄。',
 'is_new': 'False',
 'name': '成年人的脑力锻炼 Switch',
 'platforms': ['NS'],
 'publishdate': '2019-12-27',
 'rate': 8.8,
 'tags': '',
 'type': 'game',
 'url': ''}
2020-05-14 17:00:32 [scrapy.core.scraper] DEBUG: Scraped from <200 http://api.youxishiguang.com:8080/vgtime-app/api/v3/game/recommend_list_by_category>
{'cover': 'https://img01.vgtime.com/game/cover/2019/06/10/190610030740425.jpg',
 'data_type': 'game',
 'id': 'vgtime_11440',
 'intro': '天启四骑士最后一位即将登场。',
 'is_new': 'False',
 'name': '暗黑血统 创世纪',
 'platforms': ['Stadia', 'NS', 'PS4', 'XB1', 'PC'],
 'publishdate': '2019-12-05',
 'rate': 8.0,
 'tags': '',
 'type': 'game',
 'url': ''}
2020-05-14 17:00:32 [scrapy.core.scraper] DEBUG: Scraped from <200 http://api.youxishiguang.com:8080/vgtime-app/api/v3/game/recommend_list_by_category>
{'cover': 'https://img01.vgtime.com/game/cover/2019/12/18/191218191740205_u54.jpg',
 'data_type': 'game',
 'id': 'vgtime_4315',
 'intro': '岛神会摸鱼，但不会让我们失望。',
 'is_new': 'False',
 'name': '死亡搁浅',
 'platforms': ['PS4', 'PC'],
 'publishdate': '2019-11-08',
 'rate': 9.0,
 'tags': '',
 'type': 'game',
 'url': ''}
2020-05-14 17:00:32 [scrapy.core.scraper] DEBUG: Scraped from <200 http://api.youxishiguang.com:8080/vgtime-app/api/v3/game/recommend_list_by_category>
{'cover': 'https://img01.vgtime.com/game/cover/2018/05/04/180504101152719.jpg',
 'data_type': 'game',
 'id': 'vgtime_4446',
 'intro': '亡命之徒在美国西部不一定会获得救赎，但玩家在这里会获得自由。',
 'is_new': 'False',
 'name': '荒野大镖客 救赎2',
 'platforms': ['Stadia', 'PS4', 'XB1', 'PC'],
 'publishdate': '2018-10-26',
 'rate': 9.5,
 'tags': '',
 'type': 'game',
 'url': ''}
2020-05-14 17:00:32 [scrapy.core.scraper] DEBUG: Scraped from <200 http://api.youxishiguang.com:8080/vgtime-app/api/v3/game/recommend_list_by_category>
{'cover': 'https://img01.vgtime.com/game/cover/2019/10/21/191021173953291_u59.jpg',
 'data_type': 'game',
 'id': 'vgtime_11367',
 'intro': '四年一次的奥运会，四年一次的马力欧与索尼克对碰！',
 'is_new': 'False',
 'name': '马力欧&索尼克 2020东京奥运',
 'platforms': ['NS'],
 'publishdate': '2019-11-01',
 'rate': 8.5,
 'tags': '',
 'type': 'game',
 'url': ''}
2020-05-14 17:00:32 [scrapy.core.scraper] DEBUG: Scraped from <200 http://api.youxishiguang.com:8080/vgtime-app/api/v3/game/recommend_list_by_category>
{'cover': 'https://img01.vgtime.com/game/cover/2019/10/21/191021175413298_u59.jpg',
 'data_type': 'game',
 'id': 'vgtime_2213',
 'intro': '经典是否还能延续？',
 'is_new': 'False',
 'name': '莎木3',
 'platforms': ['PS4', 'PC'],
 'publishdate': '2019-11-19',
 'rate': 8.1,
 'tags': '',
 'type': 'game',
 'url': ''}
2020-05-14 17:00:59 [vgtime] DEBUG: Read 1 requests from 'vgtime:spider:strat_urls'
2020-05-14 17:00:59 [scrapy.core.engine] DEBUG: Crawled (200) <POST http://api.youxishiguang.com:8080/vgtime-app/api/v3/game/recommend_list_by_category> (referer: None)
2020-05-14 17:00:59 [scrapy.core.scraper] DEBUG: Scraped from <200 http://api.youxishiguang.com:8080/vgtime-app/api/v3/game/recommend_list_by_category>
{'cover': 'https://img01.vgtime.com/game/cover/2019/08/29/190829131812173_u59.jpg',
 'data_type': 'game',
 'id': 'vgtime_11573',
 'intro': '系列革新之作。',
 'is_new': 'False',
 'name': '如龙7 光与暗的去向',
 'platforms': ['PS4'],
 'publishdate': '2020-01-16',
 'rate': 9.3,
 'tags': '',
 'type': 'game',
 'url': ''}
2020-05-14 17:00:59 [scrapy.core.scraper] DEBUG: Scraped from <200 http://api.youxishiguang.com:8080/vgtime-app/api/v3/game/recommend_list_by_category>
{'cover': 'https://img01.vgtime.com/game/cover/2018/06/15/180615000752717.jpg',
 'data_type': 'game',
 'id': 'vgtime_10366',
 'intro': '最美丽的平台动作游戏。',
 'is_new': 'False',
 'name': '精灵与萤火意志',
 'platforms': ['XB1', 'PC'],
 'publishdate': '2020-03-11',
 'rate': 9.2,
 'tags': '',
 'type': 'game',
 'url': ''}
2020-05-14 17:00:59 [scrapy.core.scraper] DEBUG: Scraped from <200 http://api.youxishiguang.com:8080/vgtime-app/api/v3/game/recommend_list_by_category>
{'cover': 'https://img01.vgtime.com/game/cover/2020/02/17/200217175622792_u292926.jpg',
 'data_type': 'game',
 'id': 'vgtime_10745',
 'intro': '解放你的想象力。',
 'is_new': 'False',
 'name': 'Dreams Universe',
 'platforms': ['PS4'],
 'publishdate': '2020-02-14',
 'rate': 9.4,
 'tags': '',
 'type': 'game',
 'url': ''}
2020-05-14 17:00:59 [scrapy.core.scraper] DEBUG: Scraped from <200 http://api.youxishiguang.com:8080/vgtime-app/api/v3/game/recommend_list_by_category>
{'cover': 'https://img01.vgtime.com/game/cover/2019/11/22/191122092042573_u59.jpg',
 'data_type': 'game',
 'id': 'vgtime_11640',
 'intro': '或许是引领 VR 的一作。',
 'is_new': 'False',
 'name': '半衰期：爱莉克斯',
 'platforms': ['PC'],
 'publishdate': '2020-03-23',
 'rate': 9.6,
 'tags': '',
 'type': 'game',
 'url': ''}
2020-05-14 17:00:59 [scrapy.core.scraper] DEBUG: Scraped from <200 http://api.youxishiguang.com:8080/vgtime-app/api/v3/game/recommend_list_by_category>
{'cover': 'https://img01.vgtime.com/game/cover/2019/09/25/19092507595527_u59.jpg',
 'data_type': 'game',
 'id': 'vgtime_2215',
 'intro': '重现一个时代的美好回忆。',
 'is_new': 'False',
 'name': '最终幻想7 重制版',
 'platforms': ['PS4'],
 'publishdate': '2020-04-10',
 'rate': 9.6,
 'tags': '',
 'type': 'game',
 'url': ''}
2020-05-14 17:00:59 [scrapy.core.scraper] DEBUG: Scraped from <200 http://api.youxishiguang.com:8080/vgtime-app/api/v3/game/recommend_list_by_category>
{'cover': 'https://img01.vgtime.com/game/cover/2019/11/12/19111213335061_u59.jpg',
 'data_type': 'game',
 'id': 'vgtime_2943',
 'intro': '等了那么多年，终于等来了。',
 'is_new': 'False',
 'name': '十三机兵防卫圈',
 'platforms': ['PS4'],
 'publishdate': '2019-11-28',
 'rate': 9.7,
 'tags': '',
 'type': 'game',
 'url': ''}
2020-05-14 17:00:59 [scrapy.core.scraper] DEBUG: Scraped from <200 http://api.youxishiguang.com:8080/vgtime-app/api/v3/game/recommend_list_by_category>
{'cover': 'https://img01.vgtime.com/game/cover/2018/06/13/180613165625229.jpg',
 'data_type': 'game',
 'id': 'vgtime_10782',
 'intro': '干掉所有会动的东西，这就是……',
 'is_new': 'False',
 'name': '毁灭战士 永恒',
 'platforms': ['Stadia', 'NS', 'PS4', 'XB1', 'PC'],
 'publishdate': '2020-03-20',
 'rate': 9.1,
 'tags': '',
 'type': 'game',
 'url': ''}
2020-05-14 17:00:59 [scrapy.core.scraper] DEBUG: Scraped from <200 http://api.youxishiguang.com:8080/vgtime-app/api/v3/game/recommend_list_by_category>
{'cover': 'https://img01.vgtime.com/game/cover/2020/01/03/200103163022387_u292926.jpg',
 'data_type': 'game',
 'id': 'vgtime_10905',
 'intro': '……猛男的最爱？',
 'is_new': 'False',
 'name': '集合啦！动物森友会',
 'platforms': ['NS'],
 'publishdate': '2020-03-20',
 'rate': 9.7,
 'tags': '',
 'type': 'game',
 'url': ''}
2020-05-14 17:00:59 [scrapy.core.scraper] DEBUG: Scraped from <200 http://api.youxishiguang.com:8080/vgtime-app/api/v3/game/recommend_list_by_category>
{'cover': 'https://img01.vgtime.com/game/cover/2019/09/25/19092507595527_u59.jpg',
 'data_type': 'game',
 'id': 'vgtime_2215',
 'intro': '重现一个时代的美好回忆。',
 'is_new': 'False',
 'name': '最终幻想7 重制版',
 'platforms': ['PS4'],
 'publishdate': '2020-04-10',
 'rate': 9.6,
 'tags': '',
 'type': 'game',
 'url': ''}
2020-05-14 17:00:59 [scrapy.core.scraper] DEBUG: Scraped from <200 http://api.youxishiguang.com:8080/vgtime-app/api/v3/game/recommend_list_by_category>
{'cover': 'https://img01.vgtime.com/game/cover/2019/12/03/191203214202810_u59.png',
 'data_type': 'game',
 'id': 'vgtime_11649',
 'intro': '时隔一年，再次回到浣熊市。',
 'is_new': 'False',
 'name': '生化危机3 重制版',
 'platforms': ['PS4', 'XB1', 'PC'],
 'publishdate': '2020-04-03',
 'rate': 8.0,
 'tags': '',
 'type': 'game',
 'url': ''}
2020-05-14 17:00:59 [scrapy.core.scraper] DEBUG: Scraped from <200 http://api.youxishiguang.com:8080/vgtime-app/api/v3/game/recommend_list_by_category>
{'cover': 'https://img01.vgtime.com/game/cover/2017/09/29/170929183519258.jpg',
 'data_type': 'game',
 'id': 'vgtime_10545',
 'intro': 'PC 玩家也能玩到了。',
 'is_new': 'False',
 'name': '告别回忆 无垢少女',
 'platforms': ['NS', 'PS4', 'PC', 'PSV'],
 'publishdate': '2018-03-29',
 'rate': 9.1,
 'tags': '',
 'type': 'game',
 'url': ''}
2020-05-14 17:00:59 [scrapy.core.scraper] DEBUG: Scraped from <200 http://api.youxishiguang.com:8080/vgtime-app/api/v3/game/recommend_list_by_category>
{'cover': 'https://img01.vgtime.com/game/cover/2020/04/14/200414182157386_u162815.jpg',
 'data_type': 'game',
 'id': 'vgtime_11779',
 'intro': '“幽浮：彩虹小队”？',
 'is_new': 'False',
 'name': '幽浮 奇美拉战队',
 'platforms': ['PC'],
 'publishdate': '2020-04-24',
 'rate': 5.3,
 'tags': '',
 'type': 'game',
 'url': ''}
2020-05-14 17:00:59 [scrapy.core.scraper] DEBUG: Scraped from <200 http://api.youxishiguang.com:8080/vgtime-app/api/v3/game/recommend_list_by_category>
{'cover': 'https://img01.vgtime.com/game/cover/2018/06/13/180613165625229.jpg',
 'data_type': 'game',
 'id': 'vgtime_10782',
 'intro': '干掉所有会动的东西，这就是……',
 'is_new': 'False',
 'name': '毁灭战士 永恒',
 'platforms': ['Stadia', 'NS', 'PS4', 'XB1', 'PC'],
 'publishdate': '2020-03-20',
 'rate': 9.1,
 'tags': '',
 'type': 'game',
 'url': ''}
2020-05-14 17:00:59 [scrapy.core.scraper] DEBUG: Scraped from <200 http://api.youxishiguang.com:8080/vgtime-app/api/v3/game/recommend_list_by_category>
{'cover': 'https://img01.vgtime.com/game/cover/2020/01/03/200103163022387_u292926.jpg',
 'data_type': 'game',
 'id': 'vgtime_10905',
 'intro': '……猛男的最爱？',
 'is_new': 'False',
 'name': '集合啦！动物森友会',
 'platforms': ['NS'],
 'publishdate': '2020-03-20',
 'rate': 9.7,
 'tags': '',
 'type': 'game',
 'url': ''}
2020-05-14 17:00:59 [scrapy.core.scraper] DEBUG: Scraped from <200 http://api.youxishiguang.com:8080/vgtime-app/api/v3/game/recommend_list_by_category>
{'cover': 'https://img01.vgtime.com/game/cover/2020/03/02/200302160452990_u980.jpg',
 'data_type': 'game',
 'id': 'vgtime_11443',
 'intro': '酷炫的风格，刺激的战斗。',
 'is_new': 'False',
 'name': '尖峰战队',
 'platforms': ['XB1', 'PC'],
 'publishdate': '2020-03-24',
 'rate': 7.3,
 'tags': '',
 'type': 'game',
 'url': ''}
2020-05-14 17:00:59 [scrapy.core.scraper] DEBUG: Scraped from <200 http://api.youxishiguang.com:8080/vgtime-app/api/v3/game/recommend_list_by_category>
{'cover': 'https://img01.vgtime.com/game/cover/2019/04/24/190424233920250.jpg',
 'data_type': 'game',
 'id': 'vgtime_11393',
 'intro': '“拥有大量新内容的皇家版……”',
 'is_new': 'False',
 'name': '女神异闻录5R',
 'platforms': ['PS4'],
 'publishdate': '2019-10-31',
 'rate': 8.9,
 'tags': '',
 'type': 'game',
 'url': ''}
2020-05-14 17:00:59 [scrapy.core.scraper] DEBUG: Scraped from <200 http://api.youxishiguang.com:8080/vgtime-app/api/v3/game/recommend_list_by_category>
{'cover': 'https://img01.vgtime.com/game/cover/2019/10/24/191024144744418_u2505.jpg',
 'data_type': 'game',
 'id': 'vgtime_11397',
 'intro': '“……就是我！”',
 'is_new': 'False',
 'name': '女神异闻录5 乱战 魅影攻手',
 'platforms': ['NS', 'PS4'],
 'publishdate': '2020-02-20',
 'rate': 8.7,
 'tags': '',
 'type': 'game',
 'url': ''}
2020-05-14 17:00:59 [scrapy.core.scraper] DEBUG: Scraped from <200 http://api.youxishiguang.com:8080/vgtime-app/api/v3/game/recommend_list_by_category>
{'cover': 'https://img01.vgtime.com/game/web/151202151142278.jpg',
 'data_type': 'game',
 'id': 'vgtime_3456',
 'intro': '提前拥有了 FreeStyle 的但丁。',
 'is_new': 'False',
 'name': '鬼泣3 特别版',
 'platforms': ['NS', 'PS4', 'XB1', 'PC', 'PS3', 'X360', 'PS2'],
 'publishdate': '2006-01-24',
 'rate': 8.9,
 'tags': '',
 'type': 'game',
 'url': ''}
2020-05-14 17:00:59 [scrapy.core.scraper] DEBUG: Scraped from <200 http://api.youxishiguang.com:8080/vgtime-app/api/v3/game/recommend_list_by_category>
{'cover': 'https://img01.vgtime.com/game/cover/2019/11/13/191113111341168_u59.jpg',
 'data_type': 'game',
 'id': 'vgtime_11414',
 'intro': '骑空士的格斗游戏。',
 'is_new': 'False',
 'name': '碧蓝幻想Versus',
 'platforms': ['PS4', 'PC'],
 'publishdate': '2020-02-06',
 'rate': 7.8,
 'tags': '',
 'type': 'game',
 'url': ''}
2020-05-14 17:00:59 [scrapy.core.scraper] DEBUG: Scraped from <200 http://api.youxishiguang.com:8080/vgtime-app/api/v3/game/recommend_list_by_category>
{'cover': 'https://img01.vgtime.com/game/cover/2020/01/30/200130115043953_u59.png',
 'data_type': 'game',
 'id': 'vgtime_11718',
 'intro': '啪嗒，啪嗒，啪嗒砰！',
 'is_new': 'False',
 'name': '啪嗒砰2 高清版',
 'platforms': ['PS4'],
 'publishdate': '2020-01-31',
 'rate': 7.8,
 'tags': '',
 'type': 'game',
 'url': ''}
2020-05-14 17:01:00 [scrapy.core.scraper] DEBUG: Scraped from <200 http://api.youxishiguang.com:8080/vgtime-app/api/v3/game/recommend_list_by_category>
{'cover': 'https://img01.vgtime.com/game/cover/2019/08/29/190829131812173_u59.jpg',
 'data_type': 'game',
 'id': 'vgtime_11573',
 'intro': '系列革新之作。',
 'is_new': 'False',
 'name': '如龙7 光与暗的去向',
 'platforms': ['PS4'],
 'publishdate': '2020-01-16',
 'rate': 9.3,
 'tags': '',
 'type': 'game',
 'url': ''}
2020-05-14 17:01:00 [scrapy.core.scraper] DEBUG: Scraped from <200 http://api.youxishiguang.com:8080/vgtime-app/api/v3/game/recommend_list_by_category>
{'cover': 'https://img01.vgtime.com/game/cover/2019/09/12/190912163343845_u59.jpg',
 'data_type': 'game',
 'id': 'vgtime_11527',
 'intro': '在《三国志》中「涂地」吧！',
 'is_new': 'False',
 'name': '三国志14',
 'platforms': ['PS4', 'PC'],
 'publishdate': '2020-01-16',
 'rate': 7.6,
 'tags': '',
 'type': 'game',
 'url': ''}
2020-05-14 17:01:00 [scrapy.core.scraper] DEBUG: Scraped from <200 http://api.youxishiguang.com:8080/vgtime-app/api/v3/game/recommend_list_by_category>
{'cover': 'https://img01.vgtime.com/game/cover/2018/06/12/180612002816266.jpg',
 'data_type': 'game',
 'id': 'vgtime_10767',
 'intro': '天诛+老贼，再度点燃受苦之魂。',
 'is_new': 'False',
 'name': '只狼 影逝二度',
 'platforms': ['PS4', 'XB1', 'PC'],
 'publishdate': '2019-03-22',
 'rate': 9.6,
 'tags': '',
 'type': 'game',
 'url': ''}
2020-05-14 17:01:00 [scrapy.core.scraper] DEBUG: Scraped from <200 http://api.youxishiguang.com:8080/vgtime-app/api/v3/game/recommend_list_by_category>
{'cover': 'https://img01.vgtime.com/game/cover/2019/05/10/190510171223122.jpg',
 'data_type': 'game',
 'id': 'vgtime_10778',
 'intro': '「火焰纹章」系列有史以来最唯美、浪漫的副标题。',
 'is_new': 'False',
 'name': '火焰纹章 风花雪月',
 'platforms': ['NS'],
 'publishdate': '2019-07-26',
 'rate': 9.2,
 'tags': '',
 'type': 'game',
 'url': ''}
2020-05-14 17:01:00 [scrapy.core.scraper] DEBUG: Scraped from <200 http://api.youxishiguang.com:8080/vgtime-app/api/v3/game/recommend_list_by_category>
{'cover': 'https://img01.vgtime.com/game/cover/2019/12/18/191218191740205_u54.jpg',
 'data_type': 'game',
 'id': 'vgtime_4315',
 'intro': '岛神会摸鱼，但不会让我们失望。',
 'is_new': 'False',
 'name': '死亡搁浅',
 'platforms': ['PS4', 'PC'],
 'publishdate': '2019-11-08',
 'rate': 9.0,
 'tags': '',
 'type': 'game',
 'url': ''}
2020-05-14 17:01:00 [scrapy.core.scraper] DEBUG: Scraped from <200 http://api.youxishiguang.com:8080/vgtime-app/api/v3/game/recommend_list_by_category>
{'cover': 'https://img01.vgtime.com/game/cover/2018/09/14/180914162627885.jpg',
 'data_type': 'game',
 'id': 'vgtime_10909',
 'intro': '路易吉吓得绿帽子都掉地上了，而你在哈哈大笑。',
 'is_new': 'False',
 'name': '路易吉洋楼3',
 'platforms': ['NS'],
 'publishdate': '2019-10-31',
 'rate': 9.0,
 'tags': '',
 'type': 'game',
 'url': ''}
2020-05-14 17:01:00 [scrapy.core.scraper] DEBUG: Scraped from <200 http://api.youxishiguang.com:8080/vgtime-app/api/v3/game/recommend_list_by_category>
{'cover': 'https://img01.vgtime.com/game/cover/2019/08/22/190822124042761_u59.jpg',
 'data_type': 'game',
 'id': 'vgtime_10700',
 'intro': '老游戏，新姿态。',
 'is_new': 'False',
 'name': '新樱花大战',
 'platforms': ['PS4'],
 'publishdate': '2019-12-12',
 'rate': 8.3,
 'tags': '',
 'type': 'game',
 'url': ''}
2020-05-14 17:01:00 [scrapy.core.scraper] DEBUG: Scraped from <200 http://api.youxishiguang.com:8080/vgtime-app/api/v3/game/recommend_list_by_category>
{'cover': 'https://img01.vgtime.com/game/cover/2019/09/30/190930184059205_u59.jpg',
 'data_type': 'game',
 'id': 'vgtime_11609',
 'intro': '快来测测自己的脑年龄。',
 'is_new': 'False',
 'name': '成年人的脑力锻炼 Switch',
 'platforms': ['NS'],
 'publishdate': '2019-12-27',
 'rate': 8.8,
 'tags': '',
 'type': 'game',
 'url': ''}
2020-05-14 17:01:00 [scrapy.core.scraper] DEBUG: Scraped from <200 http://api.youxishiguang.com:8080/vgtime-app/api/v3/game/recommend_list_by_category>
{'cover': 'https://img01.vgtime.com/game/cover/2019/06/10/190610030740425.jpg',
 'data_type': 'game',
 'id': 'vgtime_11440',
 'intro': '天启四骑士最后一位即将登场。',
 'is_new': 'False',
 'name': '暗黑血统 创世纪',
 'platforms': ['Stadia', 'NS', 'PS4', 'XB1', 'PC'],
 'publishdate': '2019-12-05',
 'rate': 8.0,
 'tags': '',
 'type': 'game',
 'url': ''}
2020-05-14 17:01:00 [scrapy.core.scraper] DEBUG: Scraped from <200 http://api.youxishiguang.com:8080/vgtime-app/api/v3/game/recommend_list_by_category>
{'cover': 'https://img01.vgtime.com/game/cover/2019/12/18/191218191740205_u54.jpg',
 'data_type': 'game',
 'id': 'vgtime_4315',
 'intro': '岛神会摸鱼，但不会让我们失望。',
 'is_new': 'False',
 'name': '死亡搁浅',
 'platforms': ['PS4', 'PC'],
 'publishdate': '2019-11-08',
 'rate': 9.0,
 'tags': '',
 'type': 'game',
 'url': ''}
2020-05-14 17:01:00 [scrapy.core.scraper] DEBUG: Scraped from <200 http://api.youxishiguang.com:8080/vgtime-app/api/v3/game/recommend_list_by_category>
{'cover': 'https://img01.vgtime.com/game/cover/2018/05/04/180504101152719.jpg',
 'data_type': 'game',
 'id': 'vgtime_4446',
 'intro': '亡命之徒在美国西部不一定会获得救赎，但玩家在这里会获得自由。',
 'is_new': 'False',
 'name': '荒野大镖客 救赎2',
 'platforms': ['Stadia', 'PS4', 'XB1', 'PC'],
 'publishdate': '2018-10-26',
 'rate': 9.5,
 'tags': '',
 'type': 'game',
 'url': ''}
2020-05-14 17:01:00 [scrapy.core.scraper] DEBUG: Scraped from <200 http://api.youxishiguang.com:8080/vgtime-app/api/v3/game/recommend_list_by_category>
{'cover': 'https://img01.vgtime.com/game/cover/2019/10/21/191021173953291_u59.jpg',
 'data_type': 'game',
 'id': 'vgtime_11367',
 'intro': '四年一次的奥运会，四年一次的马力欧与索尼克对碰！',
 'is_new': 'False',
 'name': '马力欧&索尼克 2020东京奥运',
 'platforms': ['NS'],
 'publishdate': '2019-11-01',
 'rate': 8.5,
 'tags': '',
 'type': 'game',
 'url': ''}
2020-05-14 17:01:00 [scrapy.core.scraper] DEBUG: Scraped from <200 http://api.youxishiguang.com:8080/vgtime-app/api/v3/game/recommend_list_by_category>
{'cover': 'https://img01.vgtime.com/game/cover/2019/10/21/191021175413298_u59.jpg',
 'data_type': 'game',
 'id': 'vgtime_2213',
 'intro': '经典是否还能延续？',
 'is_new': 'False',
 'name': '莎木3',
 'platforms': ['PS4', 'PC'],
 'publishdate': '2019-11-19',
 'rate': 8.1,
 'tags': '',
 'type': 'game',
 'url': ''}
2020-05-14 17:01:29 [scrapy.extensions.logstats] INFO: Crawled 2 pages (at 2 pages/min), scraped 66 items (at 66 items/min)
2020-05-14 17:02:29 [scrapy.extensions.logstats] INFO: Crawled 2 pages (at 0 pages/min), scraped 66 items (at 0 items/min)
2020-05-14 17:03:19 [vgtime] DEBUG: Read 1 requests from 'vgtime:spider:strat_urls'
2020-05-14 17:03:19 [scrapy.core.engine] DEBUG: Crawled (200) <POST http://api.youxishiguang.com:8080/vgtime-app/api/v3/game/recommend_list_by_category> (referer: None)
2020-05-14 17:03:20 [scrapy.core.scraper] DEBUG: Scraped from <200 http://api.youxishiguang.com:8080/vgtime-app/api/v3/game/recommend_list_by_category>
{'cover': 'https://img01.vgtime.com/game/cover/2019/08/29/190829131812173_u59.jpg',
 'data_type': 'game',
 'id': 'vgtime_11573',
 'intro': '系列革新之作。',
 'is_new': 'False',
 'name': '如龙7 光与暗的去向',
 'platforms': ['PS4'],
 'publishdate': '2020-01-16',
 'rate': 9.3,
 'tags': '',
 'type': 'game',
 'url': ''}
2020-05-14 17:03:20 [scrapy.core.scraper] DEBUG: Scraped from <200 http://api.youxishiguang.com:8080/vgtime-app/api/v3/game/recommend_list_by_category>
{'cover': 'https://img01.vgtime.com/game/cover/2018/06/15/180615000752717.jpg',
 'data_type': 'game',
 'id': 'vgtime_10366',
 'intro': '最美丽的平台动作游戏。',
 'is_new': 'False',
 'name': '精灵与萤火意志',
 'platforms': ['XB1', 'PC'],
 'publishdate': '2020-03-11',
 'rate': 9.2,
 'tags': '',
 'type': 'game',
 'url': ''}
2020-05-14 17:03:20 [scrapy.core.scraper] DEBUG: Scraped from <200 http://api.youxishiguang.com:8080/vgtime-app/api/v3/game/recommend_list_by_category>
{'cover': 'https://img01.vgtime.com/game/cover/2020/02/17/200217175622792_u292926.jpg',
 'data_type': 'game',
 'id': 'vgtime_10745',
 'intro': '解放你的想象力。',
 'is_new': 'False',
 'name': 'Dreams Universe',
 'platforms': ['PS4'],
 'publishdate': '2020-02-14',
 'rate': 9.4,
 'tags': '',
 'type': 'game',
 'url': ''}
2020-05-14 17:03:20 [scrapy.core.scraper] DEBUG: Scraped from <200 http://api.youxishiguang.com:8080/vgtime-app/api/v3/game/recommend_list_by_category>
{'cover': 'https://img01.vgtime.com/game/cover/2019/11/22/191122092042573_u59.jpg',
 'data_type': 'game',
 'id': 'vgtime_11640',
 'intro': '或许是引领 VR 的一作。',
 'is_new': 'False',
 'name': '半衰期：爱莉克斯',
 'platforms': ['PC'],
 'publishdate': '2020-03-23',
 'rate': 9.6,
 'tags': '',
 'type': 'game',
 'url': ''}
2020-05-14 17:03:20 [scrapy.core.scraper] DEBUG: Scraped from <200 http://api.youxishiguang.com:8080/vgtime-app/api/v3/game/recommend_list_by_category>
{'cover': 'https://img01.vgtime.com/game/cover/2019/09/25/19092507595527_u59.jpg',
 'data_type': 'game',
 'id': 'vgtime_2215',
 'intro': '重现一个时代的美好回忆。',
 'is_new': 'False',
 'name': '最终幻想7 重制版',
 'platforms': ['PS4'],
 'publishdate': '2020-04-10',
 'rate': 9.6,
 'tags': '',
 'type': 'game',
 'url': ''}
2020-05-14 17:03:20 [scrapy.core.scraper] DEBUG: Scraped from <200 http://api.youxishiguang.com:8080/vgtime-app/api/v3/game/recommend_list_by_category>
{'cover': 'https://img01.vgtime.com/game/cover/2019/11/12/19111213335061_u59.jpg',
 'data_type': 'game',
 'id': 'vgtime_2943',
 'intro': '等了那么多年，终于等来了。',
 'is_new': 'False',
 'name': '十三机兵防卫圈',
 'platforms': ['PS4'],
 'publishdate': '2019-11-28',
 'rate': 9.7,
 'tags': '',
 'type': 'game',
 'url': ''}
2020-05-14 17:03:20 [scrapy.core.scraper] DEBUG: Scraped from <200 http://api.youxishiguang.com:8080/vgtime-app/api/v3/game/recommend_list_by_category>
{'cover': 'https://img01.vgtime.com/game/cover/2018/06/13/180613165625229.jpg',
 'data_type': 'game',
 'id': 'vgtime_10782',
 'intro': '干掉所有会动的东西，这就是……',
 'is_new': 'False',
 'name': '毁灭战士 永恒',
 'platforms': ['Stadia', 'NS', 'PS4', 'XB1', 'PC'],
 'publishdate': '2020-03-20',
 'rate': 9.1,
 'tags': '',
 'type': 'game',
 'url': ''}
2020-05-14 17:03:20 [scrapy.core.scraper] DEBUG: Scraped from <200 http://api.youxishiguang.com:8080/vgtime-app/api/v3/game/recommend_list_by_category>
{'cover': 'https://img01.vgtime.com/game/cover/2020/01/03/200103163022387_u292926.jpg',
 'data_type': 'game',
 'id': 'vgtime_10905',
 'intro': '……猛男的最爱？',
 'is_new': 'False',
 'name': '集合啦！动物森友会',
 'platforms': ['NS'],
 'publishdate': '2020-03-20',
 'rate': 9.7,
 'tags': '',
 'type': 'game',
 'url': ''}
2020-05-14 17:03:20 [scrapy.core.scraper] DEBUG: Scraped from <200 http://api.youxishiguang.com:8080/vgtime-app/api/v3/game/recommend_list_by_category>
{'cover': 'https://img01.vgtime.com/game/cover/2019/09/25/19092507595527_u59.jpg',
 'data_type': 'game',
 'id': 'vgtime_2215',
 'intro': '重现一个时代的美好回忆。',
 'is_new': 'False',
 'name': '最终幻想7 重制版',
 'platforms': ['PS4'],
 'publishdate': '2020-04-10',
 'rate': 9.6,
 'tags': '',
 'type': 'game',
 'url': ''}
2020-05-14 17:03:20 [scrapy.core.scraper] DEBUG: Scraped from <200 http://api.youxishiguang.com:8080/vgtime-app/api/v3/game/recommend_list_by_category>
{'cover': 'https://img01.vgtime.com/game/cover/2019/12/03/191203214202810_u59.png',
 'data_type': 'game',
 'id': 'vgtime_11649',
 'intro': '时隔一年，再次回到浣熊市。',
 'is_new': 'False',
 'name': '生化危机3 重制版',
 'platforms': ['PS4', 'XB1', 'PC'],
 'publishdate': '2020-04-03',
 'rate': 8.0,
 'tags': '',
 'type': 'game',
 'url': ''}
2020-05-14 17:03:20 [scrapy.core.scraper] DEBUG: Scraped from <200 http://api.youxishiguang.com:8080/vgtime-app/api/v3/game/recommend_list_by_category>
{'cover': 'https://img01.vgtime.com/game/cover/2017/09/29/170929183519258.jpg',
 'data_type': 'game',
 'id': 'vgtime_10545',
 'intro': 'PC 玩家也能玩到了。',
 'is_new': 'False',
 'name': '告别回忆 无垢少女',
 'platforms': ['NS', 'PS4', 'PC', 'PSV'],
 'publishdate': '2018-03-29',
 'rate': 9.1,
 'tags': '',
 'type': 'game',
 'url': ''}
2020-05-14 17:03:20 [scrapy.core.scraper] DEBUG: Scraped from <200 http://api.youxishiguang.com:8080/vgtime-app/api/v3/game/recommend_list_by_category>
{'cover': 'https://img01.vgtime.com/game/cover/2020/04/14/200414182157386_u162815.jpg',
 'data_type': 'game',
 'id': 'vgtime_11779',
 'intro': '“幽浮：彩虹小队”？',
 'is_new': 'False',
 'name': '幽浮 奇美拉战队',
 'platforms': ['PC'],
 'publishdate': '2020-04-24',
 'rate': 5.3,
 'tags': '',
 'type': 'game',
 'url': ''}
2020-05-14 17:03:20 [scrapy.core.scraper] DEBUG: Scraped from <200 http://api.youxishiguang.com:8080/vgtime-app/api/v3/game/recommend_list_by_category>
{'cover': 'https://img01.vgtime.com/game/cover/2018/06/13/180613165625229.jpg',
 'data_type': 'game',
 'id': 'vgtime_10782',
 'intro': '干掉所有会动的东西，这就是……',
 'is_new': 'False',
 'name': '毁灭战士 永恒',
 'platforms': ['Stadia', 'NS', 'PS4', 'XB1', 'PC'],
 'publishdate': '2020-03-20',
 'rate': 9.1,
 'tags': '',
 'type': 'game',
 'url': ''}
2020-05-14 17:03:20 [scrapy.core.scraper] DEBUG: Scraped from <200 http://api.youxishiguang.com:8080/vgtime-app/api/v3/game/recommend_list_by_category>
{'cover': 'https://img01.vgtime.com/game/cover/2020/01/03/200103163022387_u292926.jpg',
 'data_type': 'game',
 'id': 'vgtime_10905',
 'intro': '……猛男的最爱？',
 'is_new': 'False',
 'name': '集合啦！动物森友会',
 'platforms': ['NS'],
 'publishdate': '2020-03-20',
 'rate': 9.7,
 'tags': '',
 'type': 'game',
 'url': ''}
2020-05-14 17:03:20 [scrapy.core.scraper] DEBUG: Scraped from <200 http://api.youxishiguang.com:8080/vgtime-app/api/v3/game/recommend_list_by_category>
{'cover': 'https://img01.vgtime.com/game/cover/2020/03/02/200302160452990_u980.jpg',
 'data_type': 'game',
 'id': 'vgtime_11443',
 'intro': '酷炫的风格，刺激的战斗。',
 'is_new': 'False',
 'name': '尖峰战队',
 'platforms': ['XB1', 'PC'],
 'publishdate': '2020-03-24',
 'rate': 7.3,
 'tags': '',
 'type': 'game',
 'url': ''}
2020-05-14 17:03:20 [scrapy.core.scraper] DEBUG: Scraped from <200 http://api.youxishiguang.com:8080/vgtime-app/api/v3/game/recommend_list_by_category>
{'cover': 'https://img01.vgtime.com/game/cover/2019/04/24/190424233920250.jpg',
 'data_type': 'game',
 'id': 'vgtime_11393',
 'intro': '“拥有大量新内容的皇家版……”',
 'is_new': 'False',
 'name': '女神异闻录5R',
 'platforms': ['PS4'],
 'publishdate': '2019-10-31',
 'rate': 8.9,
 'tags': '',
 'type': 'game',
 'url': ''}
2020-05-14 17:03:20 [scrapy.core.scraper] DEBUG: Scraped from <200 http://api.youxishiguang.com:8080/vgtime-app/api/v3/game/recommend_list_by_category>
{'cover': 'https://img01.vgtime.com/game/cover/2019/10/24/191024144744418_u2505.jpg',
 'data_type': 'game',
 'id': 'vgtime_11397',
 'intro': '“……就是我！”',
 'is_new': 'False',
 'name': '女神异闻录5 乱战 魅影攻手',
 'platforms': ['NS', 'PS4'],
 'publishdate': '2020-02-20',
 'rate': 8.7,
 'tags': '',
 'type': 'game',
 'url': ''}
2020-05-14 17:03:20 [scrapy.core.scraper] DEBUG: Scraped from <200 http://api.youxishiguang.com:8080/vgtime-app/api/v3/game/recommend_list_by_category>
{'cover': 'https://img01.vgtime.com/game/web/151202151142278.jpg',
 'data_type': 'game',
 'id': 'vgtime_3456',
 'intro': '提前拥有了 FreeStyle 的但丁。',
 'is_new': 'False',
 'name': '鬼泣3 特别版',
 'platforms': ['NS', 'PS4', 'XB1', 'PC', 'PS3', 'X360', 'PS2'],
 'publishdate': '2006-01-24',
 'rate': 8.9,
 'tags': '',
 'type': 'game',
 'url': ''}
2020-05-14 17:03:20 [scrapy.core.scraper] DEBUG: Scraped from <200 http://api.youxishiguang.com:8080/vgtime-app/api/v3/game/recommend_list_by_category>
{'cover': 'https://img01.vgtime.com/game/cover/2019/11/13/191113111341168_u59.jpg',
 'data_type': 'game',
 'id': 'vgtime_11414',
 'intro': '骑空士的格斗游戏。',
 'is_new': 'False',
 'name': '碧蓝幻想Versus',
 'platforms': ['PS4', 'PC'],
 'publishdate': '2020-02-06',
 'rate': 7.8,
 'tags': '',
 'type': 'game',
 'url': ''}
2020-05-14 17:03:20 [scrapy.core.scraper] DEBUG: Scraped from <200 http://api.youxishiguang.com:8080/vgtime-app/api/v3/game/recommend_list_by_category>
{'cover': 'https://img01.vgtime.com/game/cover/2020/01/30/200130115043953_u59.png',
 'data_type': 'game',
 'id': 'vgtime_11718',
 'intro': '啪嗒，啪嗒，啪嗒砰！',
 'is_new': 'False',
 'name': '啪嗒砰2 高清版',
 'platforms': ['PS4'],
 'publishdate': '2020-01-31',
 'rate': 7.8,
 'tags': '',
 'type': 'game',
 'url': ''}
2020-05-14 17:03:20 [scrapy.core.scraper] DEBUG: Scraped from <200 http://api.youxishiguang.com:8080/vgtime-app/api/v3/game/recommend_list_by_category>
{'cover': 'https://img01.vgtime.com/game/cover/2019/08/29/190829131812173_u59.jpg',
 'data_type': 'game',
 'id': 'vgtime_11573',
 'intro': '系列革新之作。',
 'is_new': 'False',
 'name': '如龙7 光与暗的去向',
 'platforms': ['PS4'],
 'publishdate': '2020-01-16',
 'rate': 9.3,
 'tags': '',
 'type': 'game',
 'url': ''}
2020-05-14 17:03:20 [scrapy.core.scraper] DEBUG: Scraped from <200 http://api.youxishiguang.com:8080/vgtime-app/api/v3/game/recommend_list_by_category>
{'cover': 'https://img01.vgtime.com/game/cover/2019/09/12/190912163343845_u59.jpg',
 'data_type': 'game',
 'id': 'vgtime_11527',
 'intro': '在《三国志》中「涂地」吧！',
 'is_new': 'False',
 'name': '三国志14',
 'platforms': ['PS4', 'PC'],
 'publishdate': '2020-01-16',
 'rate': 7.6,
 'tags': '',
 'type': 'game',
 'url': ''}
2020-05-14 17:03:20 [scrapy.core.scraper] DEBUG: Scraped from <200 http://api.youxishiguang.com:8080/vgtime-app/api/v3/game/recommend_list_by_category>
{'cover': 'https://img01.vgtime.com/game/cover/2018/06/12/180612002816266.jpg',
 'data_type': 'game',
 'id': 'vgtime_10767',
 'intro': '天诛+老贼，再度点燃受苦之魂。',
 'is_new': 'False',
 'name': '只狼 影逝二度',
 'platforms': ['PS4', 'XB1', 'PC'],
 'publishdate': '2019-03-22',
 'rate': 9.6,
 'tags': '',
 'type': 'game',
 'url': ''}
2020-05-14 17:03:20 [scrapy.core.scraper] DEBUG: Scraped from <200 http://api.youxishiguang.com:8080/vgtime-app/api/v3/game/recommend_list_by_category>
{'cover': 'https://img01.vgtime.com/game/cover/2019/05/10/190510171223122.jpg',
 'data_type': 'game',
 'id': 'vgtime_10778',
 'intro': '「火焰纹章」系列有史以来最唯美、浪漫的副标题。',
 'is_new': 'False',
 'name': '火焰纹章 风花雪月',
 'platforms': ['NS'],
 'publishdate': '2019-07-26',
 'rate': 9.2,
 'tags': '',
 'type': 'game',
 'url': ''}
2020-05-14 17:03:20 [scrapy.core.scraper] DEBUG: Scraped from <200 http://api.youxishiguang.com:8080/vgtime-app/api/v3/game/recommend_list_by_category>
{'cover': 'https://img01.vgtime.com/game/cover/2019/12/18/191218191740205_u54.jpg',
 'data_type': 'game',
 'id': 'vgtime_4315',
 'intro': '岛神会摸鱼，但不会让我们失望。',
 'is_new': 'False',
 'name': '死亡搁浅',
 'platforms': ['PS4', 'PC'],
 'publishdate': '2019-11-08',
 'rate': 9.0,
 'tags': '',
 'type': 'game',
 'url': ''}
2020-05-14 17:03:20 [scrapy.core.scraper] DEBUG: Scraped from <200 http://api.youxishiguang.com:8080/vgtime-app/api/v3/game/recommend_list_by_category>
{'cover': 'https://img01.vgtime.com/game/cover/2018/09/14/180914162627885.jpg',
 'data_type': 'game',
 'id': 'vgtime_10909',
 'intro': '路易吉吓得绿帽子都掉地上了，而你在哈哈大笑。',
 'is_new': 'False',
 'name': '路易吉洋楼3',
 'platforms': ['NS'],
 'publishdate': '2019-10-31',
 'rate': 9.0,
 'tags': '',
 'type': 'game',
 'url': ''}
2020-05-14 17:03:20 [scrapy.core.scraper] DEBUG: Scraped from <200 http://api.youxishiguang.com:8080/vgtime-app/api/v3/game/recommend_list_by_category>
{'cover': 'https://img01.vgtime.com/game/cover/2019/08/22/190822124042761_u59.jpg',
 'data_type': 'game',
 'id': 'vgtime_10700',
 'intro': '老游戏，新姿态。',
 'is_new': 'False',
 'name': '新樱花大战',
 'platforms': ['PS4'],
 'publishdate': '2019-12-12',
 'rate': 8.3,
 'tags': '',
 'type': 'game',
 'url': ''}
2020-05-14 17:03:20 [scrapy.core.scraper] DEBUG: Scraped from <200 http://api.youxishiguang.com:8080/vgtime-app/api/v3/game/recommend_list_by_category>
{'cover': 'https://img01.vgtime.com/game/cover/2019/09/30/190930184059205_u59.jpg',
 'data_type': 'game',
 'id': 'vgtime_11609',
 'intro': '快来测测自己的脑年龄。',
 'is_new': 'False',
 'name': '成年人的脑力锻炼 Switch',
 'platforms': ['NS'],
 'publishdate': '2019-12-27',
 'rate': 8.8,
 'tags': '',
 'type': 'game',
 'url': ''}
2020-05-14 17:03:20 [scrapy.core.scraper] DEBUG: Scraped from <200 http://api.youxishiguang.com:8080/vgtime-app/api/v3/game/recommend_list_by_category>
{'cover': 'https://img01.vgtime.com/game/cover/2019/06/10/190610030740425.jpg',
 'data_type': 'game',
 'id': 'vgtime_11440',
 'intro': '天启四骑士最后一位即将登场。',
 'is_new': 'False',
 'name': '暗黑血统 创世纪',
 'platforms': ['Stadia', 'NS', 'PS4', 'XB1', 'PC'],
 'publishdate': '2019-12-05',
 'rate': 8.0,
 'tags': '',
 'type': 'game',
 'url': ''}
2020-05-14 17:03:20 [scrapy.core.scraper] DEBUG: Scraped from <200 http://api.youxishiguang.com:8080/vgtime-app/api/v3/game/recommend_list_by_category>
{'cover': 'https://img01.vgtime.com/game/cover/2019/12/18/191218191740205_u54.jpg',
 'data_type': 'game',
 'id': 'vgtime_4315',
 'intro': '岛神会摸鱼，但不会让我们失望。',
 'is_new': 'False',
 'name': '死亡搁浅',
 'platforms': ['PS4', 'PC'],
 'publishdate': '2019-11-08',
 'rate': 9.0,
 'tags': '',
 'type': 'game',
 'url': ''}
2020-05-14 17:03:20 [scrapy.core.scraper] DEBUG: Scraped from <200 http://api.youxishiguang.com:8080/vgtime-app/api/v3/game/recommend_list_by_category>
{'cover': 'https://img01.vgtime.com/game/cover/2018/05/04/180504101152719.jpg',
 'data_type': 'game',
 'id': 'vgtime_4446',
 'intro': '亡命之徒在美国西部不一定会获得救赎，但玩家在这里会获得自由。',
 'is_new': 'False',
 'name': '荒野大镖客 救赎2',
 'platforms': ['Stadia', 'PS4', 'XB1', 'PC'],
 'publishdate': '2018-10-26',
 'rate': 9.5,
 'tags': '',
 'type': 'game',
 'url': ''}
2020-05-14 17:03:20 [scrapy.core.scraper] DEBUG: Scraped from <200 http://api.youxishiguang.com:8080/vgtime-app/api/v3/game/recommend_list_by_category>
{'cover': 'https://img01.vgtime.com/game/cover/2019/10/21/191021173953291_u59.jpg',
 'data_type': 'game',
 'id': 'vgtime_11367',
 'intro': '四年一次的奥运会，四年一次的马力欧与索尼克对碰！',
 'is_new': 'False',
 'name': '马力欧&索尼克 2020东京奥运',
 'platforms': ['NS'],
 'publishdate': '2019-11-01',
 'rate': 8.5,
 'tags': '',
 'type': 'game',
 'url': ''}
2020-05-14 17:03:20 [scrapy.core.scraper] DEBUG: Scraped from <200 http://api.youxishiguang.com:8080/vgtime-app/api/v3/game/recommend_list_by_category>
{'cover': 'https://img01.vgtime.com/game/cover/2019/10/21/191021175413298_u59.jpg',
 'data_type': 'game',
 'id': 'vgtime_2213',
 'intro': '经典是否还能延续？',
 'is_new': 'False',
 'name': '莎木3',
 'platforms': ['PS4', 'PC'],
 'publishdate': '2019-11-19',
 'rate': 8.1,
 'tags': '',
 'type': 'game',
 'url': ''}
2020-05-14 17:03:29 [scrapy.extensions.logstats] INFO: Crawled 3 pages (at 1 pages/min), scraped 99 items (at 33 items/min)
2020-05-14 17:04:29 [scrapy.extensions.logstats] INFO: Crawled 3 pages (at 0 pages/min), scraped 99 items (at 0 items/min)
2020-05-14 17:05:29 [scrapy.extensions.logstats] INFO: Crawled 3 pages (at 0 pages/min), scraped 99 items (at 0 items/min)
2020-05-14 17:06:29 [scrapy.extensions.logstats] INFO: Crawled 3 pages (at 0 pages/min), scraped 99 items (at 0 items/min)
2020-05-14 17:07:29 [scrapy.extensions.logstats] INFO: Crawled 3 pages (at 0 pages/min), scraped 99 items (at 0 items/min)
2020-05-14 17:08:29 [scrapy.extensions.logstats] INFO: Crawled 3 pages (at 0 pages/min), scraped 99 items (at 0 items/min)
2020-05-14 17:09:29 [scrapy.extensions.logstats] INFO: Crawled 3 pages (at 0 pages/min), scraped 99 items (at 0 items/min)
2020-05-14 17:10:29 [scrapy.extensions.logstats] INFO: Crawled 3 pages (at 0 pages/min), scraped 99 items (at 0 items/min)
2020-05-14 17:11:29 [scrapy.extensions.logstats] INFO: Crawled 3 pages (at 0 pages/min), scraped 99 items (at 0 items/min)
2020-05-14 17:12:29 [scrapy.extensions.logstats] INFO: Crawled 3 pages (at 0 pages/min), scraped 99 items (at 0 items/min)
2020-05-14 17:13:29 [scrapy.extensions.logstats] INFO: Crawled 3 pages (at 0 pages/min), scraped 99 items (at 0 items/min)
2020-05-14 17:14:29 [scrapy.extensions.logstats] INFO: Crawled 3 pages (at 0 pages/min), scraped 99 items (at 0 items/min)
2020-05-14 17:15:29 [scrapy.extensions.logstats] INFO: Crawled 3 pages (at 0 pages/min), scraped 99 items (at 0 items/min)
2020-05-14 17:15:53 [scrapy.crawler] INFO: Received SIGTERM, shutting down gracefully. Send again to force 
2020-05-14 17:15:53 [scrapy.core.engine] INFO: Closing spider (shutdown)
2020-05-14 17:15:53 [scrapy.statscollectors] INFO: Dumping Scrapy stats:
{'downloader/request_bytes': 939,
 'downloader/request_count': 3,
 'downloader/request_method_count/POST': 3,
 'downloader/response_bytes': 119250,
 'downloader/response_count': 3,
 'downloader/response_status_count/200': 3,
 'elapsed_time_seconds': 924.662242,
 'finish_reason': 'shutdown',
 'finish_time': datetime.datetime(2020, 5, 14, 9, 15, 53, 704618),
 'item_scraped_count': 99,
 'log_count/DEBUG': 105,
 'log_count/INFO': 28,
 'log_count/WARNING': 1,
 'memusage/max': 73629696,
 'memusage/startup': 69931008,
 'response_received_count': 3,
 'scheduler/dequeued/redis': 3,
 'scheduler/enqueued/redis': 3,
 'start_time': datetime.datetime(2020, 5, 14, 9, 0, 29, 42376)}
2020-05-14 17:15:53 [scrapy.core.engine] INFO: Spider closed (shutdown)
