2020-05-14 17:00:33 [scrapy.utils.log] INFO: Scrapy 2.0.1 started (bot: spiderV1)
2020-05-14 17:00:33 [scrapy.utils.log] INFO: Versions: lxml 4.5.0.0, libxml2 2.9.10, cssselect 1.1.0, parsel 1.5.2, w3lib 1.21.0, Twisted 20.3.0, Python 3.7.1 (default, Mar 24 2020, 11:45:49) - [GCC 4.8.5 20150623 (Red Hat 4.8.5-39)], pyOpenSSL 19.1.0 (OpenSSL 1.1.1d  10 Sep 2019), cryptography 2.8, Platform Linux-3.10.0-1062.18.1.el7.x86_64-x86_64-with-centos-7.7.1908-Core
2020-05-14 17:00:33 [scrapy.utils.log] DEBUG: Using reactor: twisted.internet.epollreactor.EPollReactor
2020-05-14 17:00:33 [scrapy.crawler] INFO: Overridden settings:
{'BOT_NAME': 'spiderV1',
 'COOKIES_ENABLED': False,
 'DOWNLOAD_DELAY': 2,
 'DUPEFILTER_CLASS': 'scrapy_redis.dupefilter.RFPDupeFilter',
 'HTTPCACHE_STORAGE': 'scrapy_splash.SplashAwareFSCacheStorage',
 'LOG_FILE': 'logs/default/rrmj/55784ae095c111eab03900163e0d9d53.log',
 'NEWSPIDER_MODULE': 'spiderV1.spiders',
 'SCHEDULER': 'scrapy_redis.scheduler.Scheduler',
 'SPIDER_MODULES': ['spiderV1.spiders']}
2020-05-14 17:00:33 [scrapy.extensions.telnet] INFO: Telnet Password: d04219abadd624ef
2020-05-14 17:00:33 [scrapy.middleware] INFO: Enabled extensions:
['scrapy.extensions.corestats.CoreStats',
 'scrapy.extensions.telnet.TelnetConsole',
 'scrapy.extensions.memusage.MemoryUsage',
 'scrapy.extensions.logstats.LogStats']
2020-05-14 17:00:33 [rrmj] INFO: Reading start URLs from redis key 'rrmj:spider:strat_urls' (batch size: 16, encoding: utf-8
2020-05-14 17:00:33 [scrapy.middleware] INFO: Enabled downloader middlewares:
['scrapy.downloadermiddlewares.httpauth.HttpAuthMiddleware',
 'scrapy.downloadermiddlewares.downloadtimeout.DownloadTimeoutMiddleware',
 'scrapy.downloadermiddlewares.defaultheaders.DefaultHeadersMiddleware',
 'scrapy.downloadermiddlewares.useragent.UserAgentMiddleware',
 'spiderV1.middlewares.SeleniumMiddleware',
 'scrapy.downloadermiddlewares.retry.RetryMiddleware',
 'spiderV1.middlewares.ScrapytestDownloaderMiddleware',
 'scrapy.downloadermiddlewares.redirect.MetaRefreshMiddleware',
 'scrapy.downloadermiddlewares.redirect.RedirectMiddleware',
 'scrapy.downloadermiddlewares.httpproxy.HttpProxyMiddleware',
 'scrapy.downloadermiddlewares.httpcompression.HttpCompressionMiddleware',
 'scrapy.downloadermiddlewares.stats.DownloaderStats']
2020-05-14 17:00:33 [scrapy.middleware] INFO: Enabled spider middlewares:
['scrapy.spidermiddlewares.httperror.HttpErrorMiddleware',
 'scrapy.spidermiddlewares.offsite.OffsiteMiddleware',
 'scrapy.spidermiddlewares.referer.RefererMiddleware',
 'scrapy.spidermiddlewares.urllength.UrlLengthMiddleware',
 'scrapy.spidermiddlewares.depth.DepthMiddleware']
2020-05-14 17:00:34 [py.warnings] WARNING: /root/spider/scrapyspider/spiderV1/pipelines.py:80: YAMLLoadWarning: calling yaml.load() without Loader=... is deprecated, as the default Loader is unsafe. Please read https://msg.pyyaml.org/load for full details.
  temp = yaml.load(f.read())

2020-05-14 17:00:34 [scrapy.middleware] INFO: Enabled item pipelines:
['spiderV1.pipelines.SaveDataToFile']
2020-05-14 17:00:34 [scrapy.core.engine] INFO: Spider opened
2020-05-14 17:00:34 [scrapy.extensions.logstats] INFO: Crawled 0 pages (at 0 pages/min), scraped 0 items (at 0 items/min)
2020-05-14 17:00:34 [rrmj] INFO: Spider opened: rrmj
2020-05-14 17:00:34 [scrapy.extensions.telnet] INFO: Telnet console listening on 127.0.0.1:6025
2020-05-14 17:00:34 [rrmj] DEBUG: Read 1 requests from 'rrmj:spider:strat_urls'
2020-05-14 17:00:34 [scrapy.core.engine] DEBUG: Crawled (200) <POST https://api.rr.tv/v3plus/index/channel> (referer: None)
2020-05-14 17:00:34 [scrapy.core.scraper] DEBUG: Scraped from <200 https://api.rr.tv/v3plus/index/channel>
{'data_type': 'section',
 'sectionId': 'rrmj_822',
 'sectionImg': '',
 'sectionName': '细思极恐 谁是凶手？'}
2020-05-14 17:00:34 [scrapy_redis.dupefilter] DEBUG: Filtered duplicate request <GET https://www.douban.com/search?q=%E7%89%B9%E6%AE%8A%E6%A1%88%E4%BB%B6%E4%B8%93%E6%A1%88%E7%BB%84TEN2> - no more duplicates will be shown (see DUPEFILTER_DEBUG to show all duplicates)
2020-05-14 17:00:34 [scrapy.core.scraper] DEBUG: Scraped from <200 https://api.rr.tv/v3plus/index/channel>
{'data_type': 'section',
 'sectionId': 'rrmj_1927',
 'sectionImg': '',
 'sectionName': '深夜舔屏福利'}
2020-05-14 17:00:34 [scrapy.core.scraper] DEBUG: Scraped from <200 https://api.rr.tv/v3plus/index/channel>
{'data_type': 'section',
 'sectionId': 'rrmj_1904',
 'sectionImg': '',
 'sectionName': '台剧新来袭！！'}
2020-05-14 17:00:34 [scrapy.core.scraper] DEBUG: Scraped from <200 https://api.rr.tv/v3plus/index/channel>
{'data_type': 'section',
 'sectionId': 'rrmj_1244',
 'sectionImg': '',
 'sectionName': '致我们甜甜的恋爱时光'}
2020-05-14 17:00:34 [scrapy.core.scraper] DEBUG: Scraped from <200 https://api.rr.tv/v3plus/index/channel>
{'data_type': 'section',
 'sectionId': 'rrmj_1912',
 'sectionImg': '',
 'sectionName': '看剧鉴渣男手撕不心软'}
2020-05-14 17:00:34 [scrapy.core.scraper] DEBUG: Scraped from <200 https://api.rr.tv/v3plus/index/channel>
{'data_type': 'section',
 'sectionId': 'rrmj_1917',
 'sectionImg': '',
 'sectionName': '抖音爆火洗脑剧'}
2020-05-14 17:00:34 [scrapy.core.scraper] DEBUG: Scraped from <200 https://api.rr.tv/v3plus/index/channel>
{'data_type': 'section',
 'sectionId': 'rrmj_1926',
 'sectionImg': '',
 'sectionName': '力推！豆瓣高分推荐'}
2020-05-14 17:00:34 [scrapy.core.scraper] DEBUG: Scraped from <200 https://api.rr.tv/v3plus/index/channel>
{'data_type': 'section',
 'sectionId': 'rrmj_1646',
 'sectionImg': '',
 'sectionName': '急诊室的人间冷暖'}
2020-05-14 17:00:34 [scrapy.core.scraper] DEBUG: Scraped from <200 https://api.rr.tv/v3plus/index/channel>
{'data_type': 'section',
 'sectionId': 'rrmj_1903',
 'sectionImg': '',
 'sectionName': '恶魔在人间'}
2020-05-14 17:00:34 [scrapy.core.scraper] DEBUG: Scraped from <200 https://api.rr.tv/v3plus/index/channel>
{'data_type': 'section',
 'sectionId': 'rrmj_1693',
 'sectionImg': '',
 'sectionName': '病毒藏在每个角落'}
2020-05-14 17:00:34 [scrapy.core.scraper] DEBUG: Scraped from <200 https://api.rr.tv/v3plus/index/channel>
{'data_type': 'section',
 'sectionId': 'rrmj_742',
 'sectionImg': '',
 'sectionName': '热剧回归！'}
2020-05-14 17:00:34 [scrapy.core.scraper] DEBUG: Scraped from <200 https://api.rr.tv/v3plus/index/channel>
{'data_type': 'section',
 'sectionId': 'rrmj_989',
 'sectionImg': '',
 'sectionName': '腐眼看人基'}
2020-05-14 17:00:34 [scrapy.core.scraper] DEBUG: Scraped from <200 https://api.rr.tv/v3plus/index/channel>
{'data_type': 'section',
 'sectionId': 'rrmj_1883',
 'sectionImg': '',
 'sectionName': '吃货必备！这些纪录片很“下饭”'}
2020-05-14 17:00:34 [scrapy.core.scraper] DEBUG: Scraped from <200 https://api.rr.tv/v3plus/index/channel>
{'data_type': 'section',
 'sectionId': 'rrmj_1399',
 'sectionImg': '',
 'sectionName': '他改变了世界'}
2020-05-14 17:00:34 [scrapy.core.scraper] DEBUG: Scraped from <200 https://api.rr.tv/v3plus/index/channel>
{'data_type': 'section',
 'sectionId': 'rrmj_1729',
 'sectionImg': '',
 'sectionName': '【电影】获奖佳片集结'}
2020-05-14 17:00:34 [scrapy.core.scraper] DEBUG: Scraped from <200 https://api.rr.tv/v3plus/index/channel>
{'data_type': 'section',
 'sectionId': 'rrmj_1405',
 'sectionImg': '',
 'sectionName': '幕后更精彩'}
2020-05-14 17:00:34 [scrapy.core.scraper] DEBUG: Scraped from <200 https://api.rr.tv/v3plus/index/channel>
{'data_type': 'section',
 'sectionId': 'rrmj_745',
 'sectionImg': '',
 'sectionName': '本周新剧'}
2020-05-14 17:00:34 [scrapy.core.scraper] DEBUG: Scraped from <200 https://api.rr.tv/v3plus/index/channel>
{'data_type': 'section',
 'sectionId': 'rrmj_1431',
 'sectionImg': '',
 'sectionName': 'LGBT人生纪实 '}
2020-05-14 17:00:34 [scrapy.core.scraper] DEBUG: Scraped from <200 https://api.rr.tv/v3plus/index/channel>
{'data_type': 'section',
 'sectionId': 'rrmj_1416',
 'sectionImg': '',
 'sectionName': '怪奇世界物语'}
2020-05-14 17:00:34 [scrapy.core.scraper] DEBUG: Scraped from <200 https://api.rr.tv/v3plus/index/channel>
{'data_type': 'section',
 'sectionId': 'rrmj_1421',
 'sectionImg': '',
 'sectionName': '笑到飞起的脱口秀'}
2020-05-14 17:00:34 [scrapy.core.scraper] DEBUG: Scraped from <200 https://api.rr.tv/v3plus/index/channel>
{'data_type': 'section',
 'sectionId': 'rrmj_1295',
 'sectionImg': '',
 'sectionName': '巨星的诞生'}
2020-05-14 17:00:34 [scrapy.core.scraper] DEBUG: Scraped from <200 https://api.rr.tv/v3plus/index/channel>
{'data_type': 'section',
 'sectionId': 'rrmj_1425',
 'sectionImg': '',
 'sectionName': '大家都在看'}
2020-05-14 17:00:34 [scrapy.core.scraper] DEBUG: Scraped from <200 https://api.rr.tv/v3plus/index/channel>
{'data_type': 'section',
 'sectionId': 'rrmj_1657',
 'sectionImg': '',
 'sectionName': '奥斯卡最佳纪录片'}
2020-05-14 17:00:34 [scrapy.core.scraper] DEBUG: Scraped from <200 https://api.rr.tv/v3plus/index/channel>
{'data_type': 'section',
 'sectionId': 'rrmj_1005',
 'sectionImg': '',
 'sectionName': '德国之声特辑'}
2020-05-14 17:00:34 [scrapy.core.scraper] DEBUG: Scraped from <200 https://api.rr.tv/v3plus/index/channel>
{'data_type': 'section',
 'sectionId': 'rrmj_747',
 'sectionImg': '',
 'sectionName': '完结力推'}
2020-05-14 17:00:59 [rrmj] DEBUG: Read 1 requests from 'rrmj:spider:strat_urls'
2020-05-14 17:00:59 [scrapy.core.engine] DEBUG: Crawled (200) <POST https://api.rr.tv/v3plus/index/channel> (referer: None)
2020-05-14 17:00:59 [scrapy.core.scraper] DEBUG: Scraped from <200 https://api.rr.tv/v3plus/index/channel>
{'data_type': 'section',
 'sectionId': 'rrmj_822',
 'sectionImg': '',
 'sectionName': '细思极恐 谁是凶手？'}
2020-05-14 17:00:59 [scrapy.core.scraper] DEBUG: Scraped from <200 https://api.rr.tv/v3plus/index/channel>
{'data_type': 'section',
 'sectionId': 'rrmj_1927',
 'sectionImg': '',
 'sectionName': '深夜舔屏福利'}
2020-05-14 17:00:59 [scrapy.core.scraper] DEBUG: Scraped from <200 https://api.rr.tv/v3plus/index/channel>
{'data_type': 'section',
 'sectionId': 'rrmj_1904',
 'sectionImg': '',
 'sectionName': '台剧新来袭！！'}
2020-05-14 17:00:59 [scrapy.core.scraper] DEBUG: Scraped from <200 https://api.rr.tv/v3plus/index/channel>
{'data_type': 'section',
 'sectionId': 'rrmj_1244',
 'sectionImg': '',
 'sectionName': '致我们甜甜的恋爱时光'}
2020-05-14 17:00:59 [scrapy.core.scraper] DEBUG: Scraped from <200 https://api.rr.tv/v3plus/index/channel>
{'data_type': 'section',
 'sectionId': 'rrmj_1912',
 'sectionImg': '',
 'sectionName': '看剧鉴渣男手撕不心软'}
2020-05-14 17:00:59 [scrapy.core.scraper] DEBUG: Scraped from <200 https://api.rr.tv/v3plus/index/channel>
{'data_type': 'section',
 'sectionId': 'rrmj_1917',
 'sectionImg': '',
 'sectionName': '抖音爆火洗脑剧'}
2020-05-14 17:00:59 [scrapy.core.scraper] DEBUG: Scraped from <200 https://api.rr.tv/v3plus/index/channel>
{'data_type': 'section',
 'sectionId': 'rrmj_1926',
 'sectionImg': '',
 'sectionName': '力推！豆瓣高分推荐'}
2020-05-14 17:00:59 [scrapy.core.scraper] DEBUG: Scraped from <200 https://api.rr.tv/v3plus/index/channel>
{'data_type': 'section',
 'sectionId': 'rrmj_1646',
 'sectionImg': '',
 'sectionName': '急诊室的人间冷暖'}
2020-05-14 17:00:59 [scrapy.core.scraper] DEBUG: Scraped from <200 https://api.rr.tv/v3plus/index/channel>
{'data_type': 'section',
 'sectionId': 'rrmj_1903',
 'sectionImg': '',
 'sectionName': '恶魔在人间'}
2020-05-14 17:00:59 [scrapy.core.scraper] DEBUG: Scraped from <200 https://api.rr.tv/v3plus/index/channel>
{'data_type': 'section',
 'sectionId': 'rrmj_1693',
 'sectionImg': '',
 'sectionName': '病毒藏在每个角落'}
2020-05-14 17:00:59 [scrapy.core.scraper] DEBUG: Scraped from <200 https://api.rr.tv/v3plus/index/channel>
{'data_type': 'section',
 'sectionId': 'rrmj_742',
 'sectionImg': '',
 'sectionName': '热剧回归！'}
2020-05-14 17:00:59 [scrapy.core.scraper] DEBUG: Scraped from <200 https://api.rr.tv/v3plus/index/channel>
{'data_type': 'section',
 'sectionId': 'rrmj_989',
 'sectionImg': '',
 'sectionName': '腐眼看人基'}
2020-05-14 17:00:59 [scrapy.core.scraper] DEBUG: Scraped from <200 https://api.rr.tv/v3plus/index/channel>
{'data_type': 'section',
 'sectionId': 'rrmj_1883',
 'sectionImg': '',
 'sectionName': '吃货必备！这些纪录片很“下饭”'}
2020-05-14 17:00:59 [scrapy.core.scraper] DEBUG: Scraped from <200 https://api.rr.tv/v3plus/index/channel>
{'data_type': 'section',
 'sectionId': 'rrmj_1399',
 'sectionImg': '',
 'sectionName': '他改变了世界'}
2020-05-14 17:00:59 [scrapy.core.scraper] DEBUG: Scraped from <200 https://api.rr.tv/v3plus/index/channel>
{'data_type': 'section',
 'sectionId': 'rrmj_1729',
 'sectionImg': '',
 'sectionName': '【电影】获奖佳片集结'}
2020-05-14 17:00:59 [scrapy.core.scraper] DEBUG: Scraped from <200 https://api.rr.tv/v3plus/index/channel>
{'data_type': 'section',
 'sectionId': 'rrmj_1405',
 'sectionImg': '',
 'sectionName': '幕后更精彩'}
2020-05-14 17:00:59 [scrapy.core.scraper] DEBUG: Scraped from <200 https://api.rr.tv/v3plus/index/channel>
{'data_type': 'section',
 'sectionId': 'rrmj_745',
 'sectionImg': '',
 'sectionName': '本周新剧'}
2020-05-14 17:00:59 [scrapy.core.scraper] DEBUG: Scraped from <200 https://api.rr.tv/v3plus/index/channel>
{'data_type': 'section',
 'sectionId': 'rrmj_1431',
 'sectionImg': '',
 'sectionName': 'LGBT人生纪实 '}
2020-05-14 17:00:59 [scrapy.core.scraper] DEBUG: Scraped from <200 https://api.rr.tv/v3plus/index/channel>
{'data_type': 'section',
 'sectionId': 'rrmj_1416',
 'sectionImg': '',
 'sectionName': '怪奇世界物语'}
2020-05-14 17:00:59 [scrapy.core.scraper] DEBUG: Scraped from <200 https://api.rr.tv/v3plus/index/channel>
{'data_type': 'section',
 'sectionId': 'rrmj_1421',
 'sectionImg': '',
 'sectionName': '笑到飞起的脱口秀'}
2020-05-14 17:00:59 [scrapy.core.scraper] DEBUG: Scraped from <200 https://api.rr.tv/v3plus/index/channel>
{'data_type': 'section',
 'sectionId': 'rrmj_1295',
 'sectionImg': '',
 'sectionName': '巨星的诞生'}
2020-05-14 17:00:59 [scrapy.core.scraper] DEBUG: Scraped from <200 https://api.rr.tv/v3plus/index/channel>
{'data_type': 'section',
 'sectionId': 'rrmj_1425',
 'sectionImg': '',
 'sectionName': '大家都在看'}
2020-05-14 17:00:59 [scrapy.core.scraper] DEBUG: Scraped from <200 https://api.rr.tv/v3plus/index/channel>
{'data_type': 'section',
 'sectionId': 'rrmj_1657',
 'sectionImg': '',
 'sectionName': '奥斯卡最佳纪录片'}
2020-05-14 17:00:59 [scrapy.core.scraper] DEBUG: Scraped from <200 https://api.rr.tv/v3plus/index/channel>
{'data_type': 'section',
 'sectionId': 'rrmj_1005',
 'sectionImg': '',
 'sectionName': '德国之声特辑'}
2020-05-14 17:00:59 [scrapy.core.scraper] DEBUG: Scraped from <200 https://api.rr.tv/v3plus/index/channel>
{'data_type': 'section',
 'sectionId': 'rrmj_747',
 'sectionImg': '',
 'sectionName': '完结力推'}
2020-05-14 17:01:34 [scrapy.extensions.logstats] INFO: Crawled 2 pages (at 2 pages/min), scraped 50 items (at 50 items/min)
2020-05-14 17:02:34 [scrapy.extensions.logstats] INFO: Crawled 2 pages (at 0 pages/min), scraped 50 items (at 0 items/min)
2020-05-14 17:03:19 [rrmj] DEBUG: Read 1 requests from 'rrmj:spider:strat_urls'
2020-05-14 17:03:19 [scrapy.core.engine] DEBUG: Crawled (200) <POST https://api.rr.tv/v3plus/index/channel> (referer: None)
2020-05-14 17:03:19 [scrapy.core.scraper] DEBUG: Scraped from <200 https://api.rr.tv/v3plus/index/channel>
{'data_type': 'section',
 'sectionId': 'rrmj_822',
 'sectionImg': '',
 'sectionName': '细思极恐 谁是凶手？'}
2020-05-14 17:03:19 [scrapy.core.scraper] DEBUG: Scraped from <200 https://api.rr.tv/v3plus/index/channel>
{'data_type': 'section',
 'sectionId': 'rrmj_1927',
 'sectionImg': '',
 'sectionName': '深夜舔屏福利'}
2020-05-14 17:03:19 [scrapy.core.scraper] DEBUG: Scraped from <200 https://api.rr.tv/v3plus/index/channel>
{'data_type': 'section',
 'sectionId': 'rrmj_1904',
 'sectionImg': '',
 'sectionName': '台剧新来袭！！'}
2020-05-14 17:03:19 [scrapy.core.scraper] DEBUG: Scraped from <200 https://api.rr.tv/v3plus/index/channel>
{'data_type': 'section',
 'sectionId': 'rrmj_1244',
 'sectionImg': '',
 'sectionName': '致我们甜甜的恋爱时光'}
2020-05-14 17:03:19 [scrapy.core.scraper] DEBUG: Scraped from <200 https://api.rr.tv/v3plus/index/channel>
{'data_type': 'section',
 'sectionId': 'rrmj_1912',
 'sectionImg': '',
 'sectionName': '看剧鉴渣男手撕不心软'}
2020-05-14 17:03:19 [scrapy.core.scraper] DEBUG: Scraped from <200 https://api.rr.tv/v3plus/index/channel>
{'data_type': 'section',
 'sectionId': 'rrmj_1917',
 'sectionImg': '',
 'sectionName': '抖音爆火洗脑剧'}
2020-05-14 17:03:19 [scrapy.core.scraper] DEBUG: Scraped from <200 https://api.rr.tv/v3plus/index/channel>
{'data_type': 'section',
 'sectionId': 'rrmj_1926',
 'sectionImg': '',
 'sectionName': '力推！豆瓣高分推荐'}
2020-05-14 17:03:19 [scrapy.core.scraper] DEBUG: Scraped from <200 https://api.rr.tv/v3plus/index/channel>
{'data_type': 'section',
 'sectionId': 'rrmj_1646',
 'sectionImg': '',
 'sectionName': '急诊室的人间冷暖'}
2020-05-14 17:03:19 [scrapy.core.scraper] DEBUG: Scraped from <200 https://api.rr.tv/v3plus/index/channel>
{'data_type': 'section',
 'sectionId': 'rrmj_1903',
 'sectionImg': '',
 'sectionName': '恶魔在人间'}
2020-05-14 17:03:19 [scrapy.core.scraper] DEBUG: Scraped from <200 https://api.rr.tv/v3plus/index/channel>
{'data_type': 'section',
 'sectionId': 'rrmj_1693',
 'sectionImg': '',
 'sectionName': '病毒藏在每个角落'}
2020-05-14 17:03:19 [scrapy.core.scraper] DEBUG: Scraped from <200 https://api.rr.tv/v3plus/index/channel>
{'data_type': 'section',
 'sectionId': 'rrmj_742',
 'sectionImg': '',
 'sectionName': '热剧回归！'}
2020-05-14 17:03:19 [scrapy.core.scraper] DEBUG: Scraped from <200 https://api.rr.tv/v3plus/index/channel>
{'data_type': 'section',
 'sectionId': 'rrmj_989',
 'sectionImg': '',
 'sectionName': '腐眼看人基'}
2020-05-14 17:03:19 [scrapy.core.scraper] DEBUG: Scraped from <200 https://api.rr.tv/v3plus/index/channel>
{'data_type': 'section',
 'sectionId': 'rrmj_1883',
 'sectionImg': '',
 'sectionName': '吃货必备！这些纪录片很“下饭”'}
2020-05-14 17:03:19 [scrapy.core.scraper] DEBUG: Scraped from <200 https://api.rr.tv/v3plus/index/channel>
{'data_type': 'section',
 'sectionId': 'rrmj_1399',
 'sectionImg': '',
 'sectionName': '他改变了世界'}
2020-05-14 17:03:19 [scrapy.core.scraper] DEBUG: Scraped from <200 https://api.rr.tv/v3plus/index/channel>
{'data_type': 'section',
 'sectionId': 'rrmj_1729',
 'sectionImg': '',
 'sectionName': '【电影】获奖佳片集结'}
2020-05-14 17:03:19 [scrapy.core.scraper] DEBUG: Scraped from <200 https://api.rr.tv/v3plus/index/channel>
{'data_type': 'section',
 'sectionId': 'rrmj_1405',
 'sectionImg': '',
 'sectionName': '幕后更精彩'}
2020-05-14 17:03:19 [scrapy.core.scraper] DEBUG: Scraped from <200 https://api.rr.tv/v3plus/index/channel>
{'data_type': 'section',
 'sectionId': 'rrmj_745',
 'sectionImg': '',
 'sectionName': '本周新剧'}
2020-05-14 17:03:19 [scrapy.core.scraper] DEBUG: Scraped from <200 https://api.rr.tv/v3plus/index/channel>
{'data_type': 'section',
 'sectionId': 'rrmj_1431',
 'sectionImg': '',
 'sectionName': 'LGBT人生纪实 '}
2020-05-14 17:03:19 [scrapy.core.scraper] DEBUG: Scraped from <200 https://api.rr.tv/v3plus/index/channel>
{'data_type': 'section',
 'sectionId': 'rrmj_1416',
 'sectionImg': '',
 'sectionName': '怪奇世界物语'}
2020-05-14 17:03:19 [scrapy.core.scraper] DEBUG: Scraped from <200 https://api.rr.tv/v3plus/index/channel>
{'data_type': 'section',
 'sectionId': 'rrmj_1421',
 'sectionImg': '',
 'sectionName': '笑到飞起的脱口秀'}
2020-05-14 17:03:19 [scrapy.core.scraper] DEBUG: Scraped from <200 https://api.rr.tv/v3plus/index/channel>
{'data_type': 'section',
 'sectionId': 'rrmj_1295',
 'sectionImg': '',
 'sectionName': '巨星的诞生'}
2020-05-14 17:03:19 [scrapy.core.scraper] DEBUG: Scraped from <200 https://api.rr.tv/v3plus/index/channel>
{'data_type': 'section',
 'sectionId': 'rrmj_1425',
 'sectionImg': '',
 'sectionName': '大家都在看'}
2020-05-14 17:03:19 [scrapy.core.scraper] DEBUG: Scraped from <200 https://api.rr.tv/v3plus/index/channel>
{'data_type': 'section',
 'sectionId': 'rrmj_1657',
 'sectionImg': '',
 'sectionName': '奥斯卡最佳纪录片'}
2020-05-14 17:03:19 [scrapy.core.scraper] DEBUG: Scraped from <200 https://api.rr.tv/v3plus/index/channel>
{'data_type': 'section',
 'sectionId': 'rrmj_1005',
 'sectionImg': '',
 'sectionName': '德国之声特辑'}
2020-05-14 17:03:19 [scrapy.core.scraper] DEBUG: Scraped from <200 https://api.rr.tv/v3plus/index/channel>
{'data_type': 'section',
 'sectionId': 'rrmj_747',
 'sectionImg': '',
 'sectionName': '完结力推'}
2020-05-14 17:03:34 [scrapy.extensions.logstats] INFO: Crawled 3 pages (at 1 pages/min), scraped 75 items (at 25 items/min)
2020-05-14 17:04:34 [scrapy.extensions.logstats] INFO: Crawled 3 pages (at 0 pages/min), scraped 75 items (at 0 items/min)
2020-05-14 17:05:34 [scrapy.extensions.logstats] INFO: Crawled 3 pages (at 0 pages/min), scraped 75 items (at 0 items/min)
2020-05-14 17:06:34 [scrapy.extensions.logstats] INFO: Crawled 3 pages (at 0 pages/min), scraped 75 items (at 0 items/min)
2020-05-14 17:07:34 [scrapy.extensions.logstats] INFO: Crawled 3 pages (at 0 pages/min), scraped 75 items (at 0 items/min)
2020-05-14 17:08:34 [scrapy.extensions.logstats] INFO: Crawled 3 pages (at 0 pages/min), scraped 75 items (at 0 items/min)
2020-05-14 17:09:34 [scrapy.extensions.logstats] INFO: Crawled 3 pages (at 0 pages/min), scraped 75 items (at 0 items/min)
2020-05-14 17:10:34 [scrapy.extensions.logstats] INFO: Crawled 3 pages (at 0 pages/min), scraped 75 items (at 0 items/min)
2020-05-14 17:11:34 [scrapy.extensions.logstats] INFO: Crawled 3 pages (at 0 pages/min), scraped 75 items (at 0 items/min)
2020-05-14 17:12:34 [scrapy.extensions.logstats] INFO: Crawled 3 pages (at 0 pages/min), scraped 75 items (at 0 items/min)
2020-05-14 17:13:34 [scrapy.extensions.logstats] INFO: Crawled 3 pages (at 0 pages/min), scraped 75 items (at 0 items/min)
2020-05-14 17:14:34 [scrapy.extensions.logstats] INFO: Crawled 3 pages (at 0 pages/min), scraped 75 items (at 0 items/min)
2020-05-14 17:15:34 [scrapy.extensions.logstats] INFO: Crawled 3 pages (at 0 pages/min), scraped 75 items (at 0 items/min)
2020-05-14 17:15:53 [scrapy.crawler] INFO: Received SIGTERM, shutting down gracefully. Send again to force 
2020-05-14 17:15:53 [scrapy.core.engine] INFO: Closing spider (shutdown)
2020-05-14 17:15:53 [scrapy.statscollectors] INFO: Dumping Scrapy stats:
{'downloader/request_bytes': 2451,
 'downloader/request_count': 3,
 'downloader/request_method_count/POST': 3,
 'downloader/response_bytes': 128267,
 'downloader/response_count': 3,
 'downloader/response_status_count/200': 3,
 'elapsed_time_seconds': 919.65397,
 'finish_reason': 'shutdown',
 'finish_time': datetime.datetime(2020, 5, 14, 9, 15, 53, 696309),
 'item_scraped_count': 75,
 'log_count/DEBUG': 82,
 'log_count/INFO': 28,
 'log_count/WARNING': 1,
 'memusage/max': 74973184,
 'memusage/startup': 69922816,
 'request_depth_max': 1,
 'response_received_count': 3,
 'scheduler/dequeued/redis': 3,
 'scheduler/enqueued/redis': 3,
 'start_time': datetime.datetime(2020, 5, 14, 9, 0, 34, 42339)}
2020-05-14 17:15:53 [scrapy.core.engine] INFO: Spider closed (shutdown)
